1780110372	0	0	kens	Potato
1780116831	0	0	kens	Bing
1780116837	0	0	kens	Bong
1780117512	0	0	kens	Ding fries are done
1780117519	0	0	kens	Boom pow
1780117526	0	0	kens	Shakkalakka
1780117636	0	0	kens	Test
1780117676	1	1	codepoet	test
1780118913	0	0	kens	Bing
1780119097	0	0	kens	Ding
1780119102	0	0	kens	Ding
1780119428	0	0	kens	Test
1780119838	0	0	kens	How about now?
1780120068	0	0	kens	Test
1780120368	0	0	kens	Piss
1780120480	0	0	kens	Ding dong
1780120647	0	0	kens	How bout now
1780120765	0	0	kens	Hhh
1780121217	0	0	kens	Gf
1780121305	0	0	kens	D
1780121297	0	0	kens	A
1780121389	0	0	kens	Dingleballs
1780121420	0	0	kens	Q
1780121489	0	0	kens	Z
1780121997	0	0	k	A
1780122041	0	0	k	A
1780122036	0	0	k	Zzzzzzzzz
1780122163	0	0	k	A
1780122177	1	1	codepoet	aaaaaaaay
1780123546	0	0	kens	?
1780123553	1	1	codepoet	!
1780123612	1	1	codepoet	x
1780123625	0	0	kens	X
1780123652	1	1	codepoet	b
1780123743	1	1	codepoet	hi
1780123761	0	0	kens	Ay
1780123773	1	1	codepoet	yohoho
1780124276	1	1	codepoet	a
1780124288	0	0	kens	A
1780124359	1	1	codepoet	a
1780124363	0	0	kens	B
1780124635	0	0	kens	A
1780124640	1	1	codepoet	b
1780127689	0	0	kens	Ping
1780127703	0	0	kens	Ping
1780127713	1	1	codepoet	ping
1780127732	1	1	codepoet	abab
1780127737	0	0	kens	Gg
1780128179	1	1	codepoet	a
1780128200	0	0	kens	B
1780172701	1	1	codepoet	<B72DCD70552714B00B782571F7CED5B2F5049633E96733D83F39E66F9B5D9B35:1:ElkDeck>
1780172738	1	1	codepoet	<B72DCD70552714B00B782571F7CED5B2F5049633E96733D83F39E66F9B5D9B45:1:ElkDick>
1780177825	1	1	codepoet	test #derp
1780178022	0	0	kens	@kens testing
1780178033	0	0	kens	@[kens] testing
1780180165	1	1	codepoet	<B72DCD70552714B00B782571F7CED5B2F5049633E96733D83F39E66F9B5D9B45:1:ElkDick>
1780180194	1	1	codepoet	test
1780180200	1	1	codepoet	<B72DCD70552714B00B782571F7CED5B2F5049633E96733D83F39E66F9B5D9B45:1:ElkDick>
1780187218	1	1	codepoet	<B72DCD70552714B00B782571F7CED5B2F5049633E96733D83F39E66F9B5D9B35:1:ElkDeck>
1780187792	0	0	kens	@[ElkDeck] potato potato
1780192913	0	0	kens	4dd75e2d5bae2aabc00622355cbfea70
1780215551	1	1	codepoet	g
1780247074	1	1	codepoet	test
1780247412	1	1	codepoet	a new test
1780249651	1	1	codepoet	meshcore://contact/add?
1780254805	1	1	codepoet	asaayyy
1780255579	1	1	codepoet	meshcore://channel/add?name=Magic&secret=4DD75E2D5BAE2AABC00622355CBFEA70 
1780273795	1	1	codepoet	ding
1780338320	0	0	kens	9cd8fcf22a47333b591d96a2b848b73f
1780338334	0	0	kens	#test
1780351689	1	1	codepoet	thid is a twst wevget everu click my aim os just poor
1780351744	1	1	codepoet	this works now
1780352984	1	1	codepoet	this is a test yes it works okay
