1780192883	1	1	codepoet	test
1780192900	0	0	kens	Pop test
1780192918	0	0	kens	Repop 
1780194802	0	0	kens	Pong
1780194865	0	0	kens	Dong
1780194883	0	0	kens	Ding
1780195086	0	0	kens	Ping
1780195750	0	0	kens	T
1780211875	1	0	codepoet	PingżęäQă‹?Čo„ďŤmĺňóŞ›W×¬¬
1780211942	0	0	kens	Ping
1780211998	0	0	kens	G
1780212355	0	0	kens	A
1780212393	0	0	kens	G
1780212394	0	0	kens	Qwerty
1780212384	0	0	kens	A
1780212391	0	0	kens	A
1780212386	0	0	kens	Z
1780249929	0	0	kens	meshcore://contact/add?name=TestBob&public_key=a1b2c3d4e5f60718293a4b5c6d7e8f90a1b2c3d4e5f60718293a4b5c6d7e8f90&type=1 
1780249945	0	0	kens	meshcore://channel/add?name=TestChan&secret=0123456789abcdef0123456789abcdef 
1780263825	1	1	codepoet	aa
1780356091	0	0	kens	Potato
