1780102604	0	0	Jeff - AD7LN	Hey meshers 🤘
1780102653	0	0	Efficiency Problem	@[Jeff - AD7LN] 👋
1780102681	0	0	T1000e 🚛	@[Jeff - AD7LN] 13 hops to T-Mobile Stadium 🏟️
1780110851	0	0	Jade	@[TRARS 1] those are just 1-byte collisions 
1780111241	0	0	Flex Luthor💪	I'm having way too much fun right now. I bought an 8 inch laptop and I have two monitors hooked up to it.
1780111315	0	0	argon	@[Flex Luthor💪] that cut off right at the 8 inch on my screen wasn’t sure which way that was gonna go
1780111523	0	0	argon	@[Flex Luthor💪] that cut off right at the 8 inch on my screen wasn’t sure which way that was gonna go
1780111756	0	0	SpooderMan	@[Jeff - AD7LN] 16 hops to corvallis 
1780111784	0	0	T1000e 🚛	@[SpooderMan] and 16 hops to T-Mobile Park In Seattle 
1780111880	0	0	Flex Luthor💪	@[argon] 😏
1780111893	0	0	Joel	Good evening everyone!
1780112007	0	0	jazzynode	Which corvallis?
1780112187	0	0	Joel	@[T1000e 🚛] Mariners up 5-1! Woot!
1780112238	0	0	T1000e 🚛	@[Joel] Yes! Go M's!
1780112853	0	0	SalusaSecondus	@[Whiskers Alpha] good to see you too. Where do I know you from? (Too many groups and channels.)
1780112927	0	0	TRARS 1	Echo... Echo...
1780112988	0	0	Flex Luthor💪	@[TRARS 1] IIIIIIIII REMEMBAH
1780113065	0	0	TRARS 1	Oh those aren't the lyrics lol
1780113072	0	0	TRARS 1	Whatever 😂
1780113117	0	0	Flex Luthor💪	😂
1780113179	0	0	TRARS 1	Duhdoom duhdoom duhdoom duhdoom duh duh
1780113337	0	0	Flex Luthor💪	I know we have #music but can't not post this cmon man https://www.youtube.com/watch?v=YEjoz9egJDs
1780113348	0	0	W7ITL-Tdeck2	How’s everyone doing tonight any big plans ?
1780113377	0	0	Flex Luthor💪	plans? I plan to stay home from work till Monday
1780113422	0	0	W7ITL-Tdeck2	@[Flex Luthor💪] 👆
1780113482	0	0	W7ITL-Tdeck2	I might go out tonight need some #raves type stuff 
1780113529	0	0	TRARS 1	@[Flex Luthor💪] 🤣 for real
1780113558	0	0	Rask	Sometimes NOT having plans is the most fun.  But I’m just exploring Meshcore for the first time and enjoying the summer evening. 
1780113580	0	0	W7ITL-Tdeck2	@[Rask] ❤️👊
1780113665	0	0	Flex Luthor💪	my idea of a wild night involves video games/linux phun and greasy pizza
1780113673	0	0	Efficiency Problem	@[Rask] Rad! 🤙
1780113679	0	0	W7ITL-Tdeck2	Stay thirsty https://imgur.com/a/w1QBQZn
1780113709	0	0	TRARS 1	Everett Silvertips win the CHL Memorial Cup Semi Final and advance to the Final match against the Kitchener Rangers!
1780113762	0	0	TRARS 1	Winning 48-6 of their last 54 games
1780113790	0	0	W7ITL-Tdeck2	@[TRARS 1] 👊💪🏻
1780114019	0	0	Jamie D - Wismesh V2	Anyone know who runs the bot in #weather that handles requests for Seattle? It hasn't been responding for at least a day
1780114145	0	0	Jade	@[W7ITL-Tdeck2] enjoy!
1780114209	0	0	TRARS 1	His bot has been only semi functional at points
1780114490	0	0	TRARS 1	I'm not gonna lie, the story about those people trapped in that flooded cave in Laos makes me claustrophobic AF
1780114903	0	0	Howl @ 🏡	@[Jamie D - Wismesh V2] It went down earlier today. I also limited my bot to responding to packets within 10 hops.
1780114940	0	0	Howl @ 🏡	@[TRARS 1] yeah, the radio firmware cooked itself again. It has been a problem with the 1.15 firmware. Had to erase adn reflash.
1780115438	0	0	wild-n-wacky 🥸	pew pew, pew pew pew
1780115483	0	0	argon	By* 
1780115532	0	0	wild-n-wacky 🥸	oooo good call, double jeapordy 
1780115602	0	0	Flex Luthor💪	@[TRARS 1] thank you for your honesty
1780115763	0	0	TRARS 1	@[Flex Luthor💪] I is what I is
1780115816	0	0	Flex Luthor💪	this ran usage! I have like 3 things open and I'm using 5 gigs somehow. Coders these days SMH
1780115846	0	0	Flex Luthor💪	2 gigs of ram ought to be enough for anyone
1780115930	0	0	N5XMT - T096	@[W7ITL-Tdeck2] sitting with my knee propped up watching movies. Had a cortisone shot in my left knee on my way home from work
1780115975	0	0	Flex Luthor💪	@[N5XMT - T096] does the cortisone help knee pain? Mine are terrible
1780116279	0	0	Chuck@🏠	Howdy
1780116297	0	0	Flex Luthor💪	I guess it's cause the ram is soldered
1780116305	0	0	Flex Luthor💪	@[Chuck@🏠] sup chuck, how's your 1watt doin
1780116330	0	0	Flex Luthor💪	somehow I got this laptop with 12 gigs of RAM and a 512gb SSD for an affordable price
1780116357	0	0	Chuck@🏠	@[Flex Luthor💪] it's doing great with repeater firmware 
1780116396	0	0	Flex Luthor💪	nice
1780116451	0	0	Flex Luthor💪	1 WATT CHUCK IS BACK FOLKS
1780116459	0	0	Flex Luthor💪	PEOPLE ARE AMAZED, THEY'RE SAYING "HOW DOES HE DO IT?" BUT HE WON'T TELL!
1780116499	0	0	TRARS 3	I think he will explain if you ask nicely
1780116524	0	0	Flex Luthor💪	😂
1780116527	0	0	sprsqrrl	ram works like leather you have to oil it
1780116539	0	0	🏷️ Andrew	Bid on 96gb ram 2x48 sticks and its up to $1k, when I bought it for 1/4 that a year ago
1780116543	0	0	sprsqrrl	than it gets super boost
1780116592	0	0	Flex Luthor💪	I use nothing but tallow on my ram!
1780116667	0	0	TRARS 3	Only the hottest sheep wear beef tallow
1780116692	0	0	Flex Luthor💪	so true
1780116753	0	0	N5XMT - T096	🤣
1780116768	0	0	TRARS 3	Bahh, it was nothing
1780116785	0	0	🏷️ Andrew	4TB NVME Expensive AF now too
1780116835	0	0	TRARS 3	The sheer thought of it
1780116864	0	0	sprsqrrl	how many puns can a meshcore repeater handle before burning out?
1780116877	0	0	Flex Luthor💪	it was this unfathomable amount of data
1780116935	0	0	Flex Luthor💪	@[TRARS 3] this has been some yarn
1780117090	0	0	Chuck@🏠	It just dumped rain like crazy for 5 mins..then stopped
1780117214	0	0	T1000e 🚛	Nice and dry in the stadium 🏟️
1780117297	0	0	TRARS 3	@[Flex Luthor💪] Beware wolves wearing tallow
1780117321	0	0	Flex Luthor💪	deep
1780117336	0	0	Slopcore RAK4631	Is the RAK Wismesh Repeater Mini any good? Thinking about throwing one up at my house. 
1780117207	0	0	Flex Luthor💪	@[Slopcore RAK4631] sounds messy 😂🤮
1780117221	0	0	Flex Luthor💪	@[TRARS 3] oh ok
1780117240	0	0	Slopcore RAK4631	@[Flex Luthor💪] just a mini vomit tho 
1780117264	0	0	Flex Luthor💪	yeah just a little vomit, as a treat
1780117358	0	0	Flex Luthor💪	and you sow what you grow
1780117442	0	0	N5XMT - T096	@[🏷️ Andrew] bought a new Samsung 990 pro with heatsink,,  4tb,  back in July for 319.99 Its now $812 on Amazon where I bought it
1780117465	0	0	SpooderMan	I am certainly not rolling marijuana cigarettes.....reefers
1780117641	0	0	Rask	Wow old computer parts might actually be worth something 
1780117671	0	0	Flex Luthor💪	why are all my hobbies things people want to scalp ;_;
1780117700	0	0	jazzynode	Because all your hobbies are things that capitalism is making unreasonable to afford
1780117710	0	0	TRARS 3	Eric Burdon & WAR - Spill The WIne  https://youtu.be/4-Xs7NK-7B8
1780117738	0	0	Flex Luthor💪	I remember when Goodwill on Dearborn had aisles of old macs and PCs, computer books. Stacks of NESs. Tons of CRTs. I had no idea.
1780117752	0	0	Flex Luthor💪	It's not capitalism, it's scalpers. Hoarding is a problem under any system.
1780117774	0	0	Flex Luthor💪	it's gross how everything is just pull tabs now
1780117860	0	0	jazzynode	Yeah but chips for RAM and SSDs aren't usually this hard to get, so scalping wouldn't make any sense if AI wasn't eating up all the chips
1780117895	0	0	SpooderMan	Man I need some solar panels in my life
1780117914	0	0	Flex Luthor💪	the same thing happened with CRTs and old repariable cars. A bunch of them got recycled, so the ones that are left have more vaue now.
1780117919	0	0	TRARS 3	I hear twine and cans are cheap
1780117979	0	0	Rask	@[SpooderMan] the power problem is real. Companies are buying it years ahead right now.  
1780118028	0	0	SpooderMan	Ya i mean if I just have a few folding panels ill be good for years
1780118034	0	0	Flex Luthor💪	but yeah this laptop has 12 gigs ram, 512gb ssd, a capacitive touchscreen with an apple pencil-alike pen, even has a NIC and full HDMI port
1780118056	0	0	Flex Luthor💪	I'm worried about power, but despite a blip about 4 months ago, my bill hovers around $50. That's with AC, incandescent lighting.
1780118116	0	0	Flex Luthor💪	ohhh right. Yeah I forgot about that. Everything is being treated like a casino, it's frustrating.
1780118170	0	0	Flex Luthor💪	if I run my server PC that's at least $40 more a month in power, so it's not worth it generally for me
1780118339	0	0	🐶WhiskeyOscarZeroFoxtrot.com	@[Flex Luthor💪] $50?!  Mine is almost ten times that.
1780118458	0	0	Flex Luthor💪	wow messages are not getting far tonight on the analyzer
1780118509	0	0	TRARS 3	@[Flex Luthor💪] Wow, I just looked at that, ur right
1780118521	0	0	T1000e 🚛	Ya my repeaters look sad on stats on the Cascadiamesh website too interesting 🤔
1780118525	0	0	TRARS 3	but mine just did
1780118579	0	0	Flex Luthor💪	well I'm hearing you both fine
1780118587	0	0	Flex Luthor💪	oh there we go, that went far
1780118598	0	0	TRARS 3	@[Flex Luthor💪] yeah weird
1780118608	0	0	Flex Luthor💪	some kind of jamming? weather?
1780118627	0	0	Flex Luthor💪	major backbone repeater rebooting?
1780118658	0	0	Flex Luthor💪	everything is very suddenly back to normal
1780118662	0	0	TRARS 3	@[Flex Luthor💪] Maybe solar, I dont know what to look for
1780118704	0	0	Flex Luthor💪	damn that glowing life ball
1780118752	0	0	TRARS 3	nah, from what I can see that's all normal
1780118777	0	0	PDX KC7HTA Mark WIO 1B	I am thinking of putting up a repeater near Scouters Mt. That should provide the last leg to Happy Valley OR
1780118822	0	0	Flex Luthor💪	I'm pretty sure we're in a solar maxium but it's not scorching all the grass into shredded wheat like last time
1780118863	0	0	Flex Luthor💪	I'm going to eat a Tillamook Oregon Strawberry yogurt, any OR peeps ack?
1780118907	0	0	TRARS 3	@[Flex Luthor💪] lol, that one didnt make it
1780118915	0	0	T1000e 🚛	@[Flex Luthor💪] I visited the Tillamook creamery in OR before, cool place 
1780118963	0	0	TRARS 3	@[Flex Luthor💪] That one made it beforte the other
1780119003	0	0	Flex Luthor💪	I used to work at the airport and people would fill suitcases with bricks of Tillamook cheddar to bring home to Korea regularly
1780119044	0	0	PDX KC7HTA Mark WIO 1B	Radio check
1780119062	0	0	Flex Luthor💪	@[TRARS 3] I have my mobile repeater on my desk and then my normal home repeater in the other room
1780119065	0	0	Flex Luthor💪	ack in Everett
1780119066	0	0	TRARS 3	@[Flex Luthor💪] Moldy Gold
1780119131	0	0	Pantherra352	@[SpooderMan] what panels are you needing ?
1780119234	0	0	k7elv	@[PDX KC7HTA Mark WIO 1B] 8 hops to Olympia
1780119687	0	0	SpooderMan	@[Pantherra352] idk. I just want to 😆 got a lot of other things to do before I worry about that though. Lotta sun where im headed 
1780119767	0	0	SpooderMan	I am not not stoned either
1780120005	0	0	Pantherra352	My largest is 12v25w, i have a 12v15w functioning as well, both 1w RAK's. Also running mod'd 12v10w solar chargers
1780120511	0	0	PDX KC7HTA Mark WIO 1B	@[k7elv]: 7 hops back
1780121473	0	0	AWH T-1000💀	@[UberMesh] 2 hops to Auburn 
1780121413	0	0	UberMesh	@[AWH T-1000💀] nice thanks, 3 hops back
1780122041	0	0	Jade	@[jazzynode] 💯 i'm glad you realize it so many people are slowly waking up to it
1780122066	0	0	jazzynode	Meow....
1780122797	0	0	ElkDeck	hola from ocean shores
1780122815	1	1	codepoet	hola!
1780123095	0	0	SpooderMan	@[T1000e 🚛] ask them if they can give me internet connectivity across corvallis and not just on campus
1780128441	0	0	MileyVirus	how  do  / you know how many hops?
1780128508	0	0	Gettin' Meshy With It	@[MileyVirus] Hold down text from a sent message and a different pop up will show you 
1780128562	0	0	da40	@[MileyVirus] settings > message settings > show hops alternatively
1780132418	0	0	da40	@[CrabCity] 
1780132741	0	0	CrabCity	@[da40] 🦀
1780138193	0	0	PruneHillCompanion	@[Pantherra352] is the 12v to 5v buck converter shielded to prevent RFI with the LoRa?
1780144038	0	0	ILikeItMeshyM1	Too early 
1780148502	0	0	sprsqrrl	@[Flex Luthor💪] hoarding and capitalism are one in the same
1780148560	0	0	sprsqrrl	scalping is the logical result of capitalism not a perversion of it
1780149643	0	0	Trede	Infinite growth in a closed system...capitalism is very similar to cancer
1780150099	0	0	TRARS 1	My favorite line of argument for capitalism is that it is better than the alternatives... As if you can't improve on anything ever at all.
1780150159	0	0	TRARS 1	(A) happened, therefore (B) is the solution... 🤔
1780150195	0	0	TRARS 1	Silly rabbit, binary politics is for kids
1780150268	0	0	PruneHillCompanion	@[Pantherra352] The CN3791 IC of the Waveshare does have a buck converter. I guess this doesn't seem to affect the RAK transceivr
1780150373	0	0	TRARS 1	Ahhh, nothing like the smell of Marxism in the morning
1780150568	0	0	Pantherra352	@[PruneHillCompanion] I haven't tested but under normal mesh, (and I'm in a severe hole) it seems to be hearing and hitting the next rp
1780150668	0	0	N5XMT - T096	I'm gonna go curl back up in bed...
1780150857	0	0	Jeff - AD7LN	Good Saturday morning mesh 🌞
1780150933	0	0	AWH T-1000💀	Morning. Sunny 🌞
1780150972	0	0	TRARS 1	Mmm multivitamin
1780151019	0	0	TRARS 1	Getting fortified 
1780151058	0	0	kd0upc (Redmond LTR)	☕
1780151114	0	0	PruneHillCompanion	@[Pantherra352] that's very good to know. Thank you!
1780151217	0	0	UberMesh	Morning meshers!
1780151371	0	0	Rask	Good morning!
1780151434	0	0	K4RDP Home Base	Good morning PNW mesh!
1780151453	0	0	Pantherra352	@[K4RDP Home Base] ✌️
1780151491	0	0	K4RDP Home Base	@[Pantherra352] Have a beautiful day!
1780151577	0	0	Xgram	Good morning!
1780151787	0	0	UberMesh	How does everyone else handle their contacts? The duplicates when I look at repeats heard kinda suck, and when trying to ping
1780151850	0	0	TRARS 1	@[UberMesh] I limit my auto contacts to 2 hops, seems to at least give me more accurate local data
1780152174	0	0	UberMesh	@[TRARS 1] just what imafter thank you
1780152394	0	0	UberMesh	@[TRARS 1] what firmware do you run on your repeaters?
1780152543	0	0	Pantherra352	@[UberMesh] I've bumped to 2byte, seems to cut down on the multiple repeater guess by mesh
1780152583	0	0	TRARS 1	MCarper on my one Heltec v4 repeater
1780152761	0	0	Safety3rd	I limit my to 0 hops for auto add. 
1780152921	0	0	TRARS 1	@[Safety3rd] yeah, alternatively you can just add the ones you want to see, but that can be pretty tedious too
1780153130	0	0	7imited 3xp	Morning mesh. I can get this heltec v4 to run from a portable battery, but still trying to get it to take an internal recharge.
1780153176	0	0	N5XMT - T096	@[UberMesh] Mcarper firmware on my Rak 1W here
1780153200	0	0	TRARS 1	@[7imited 3xp] via solar or USB?
1780153372	0	0	7imited 3xp	@[TRARS 1] usb
1780153443	0	0	TRARS 1	And the battery is connected to the 2-pin port on the right hand side?
1780155104	0	0	7imited 3xp	@[TRARS 1] I didn't assemble it into the case, but yes looks like a wire to the right of the display. Sometimes takes a little recharge.
1780155189	0	0	7imited 3xp	@[TRARS 1] I didn't assemble it into the case, but yes looks like a wire to the right of the display. Sometimes takes a little recharge.
1780156385	0	0	Neno	hello
1780157830	0	0	7imited 3xp	@[TRARS 1] I appreciate it. Good time to learn more about what makes this all tick. 
1780158384	0	0	GMMOBILE	Morning 
1780158621	0	0	Pantherra352	@[Neno] 🖐
1780158843	0	0	TRARS 3	@[GMMOBILE] mornin
1780161107	0	0	Slopcore RAK4631	Morning yall who be meshing today? 
1780161203	0	0	Chuck@🏠	Morning!
1780161261	0	0	Otto	Morning
1780161270	0	0	laietyluke🫶🏼	GGGUUUDD DAY
1780161280	0	0	Chuck@🏠	How's it going?
1780161288	0	0	ASTA Park	Wahoo
1780161429	0	0	Chuck@🏠	Woke up with a headache.
1780161897	0	0	N1TJT-WioTrackerL1	Good morning mesh
1780161920	0	0	MeshLabM5💥🧪	@[N1TJT-WioTrackerL1] morning!
1780162619	0	0	Gilgamesh	@[N1TJT-WioTrackerL1] morning from northern cascadia
1780162872	0	0	SQ-BLE01	happy Saturday!
1780162945	0	0	K7VKT Hillsboro	CQ de K7VKT in Hillsboro.  Anyone copy?
1780163178	0	0	Slopcore RAK4631	@[K7VKT Hillsboro] 16 hops in West Seattle 
1780163197	0	0	DEADCOREM1	Testing again
1780163389	0	0	Slopcore RAK4631	@[DEADCOREM1] ack 
1780163717	0	0	AWH T-1000💀	@[K7VKT Hillsboro] 13 hops to Auburn Wa
1780164199	0	0	Dead-MCTdk	why do i need soo many devices
1780164330	0	0	Pantherra352	@[Dead-MCTdk] I'm sitting on 2, 1 watt RAK repeaters, repeat is off currently but ready to find homes
1780164524	0	0	NH0CI	Hello clucks 
1780164526	0	0	NH0CI	Hello clucks 
1780164539	0	0	NH0CI	Hello clucks 
1780164539	0	0	Howl 👾	@[Dead-MCTdk] I have a repeater riding around in my trunk in case I find a good spot, and about 5 more at home.
1780164557	0	0	NH0CI	Hello clucks 
1780164577	0	0	TRARS 3	😒
1780164587	0	0	Neno	hard to type on v4 expansion
1780164653	0	0	DEADCOREM1	Lovely weather we have today
1780164675	0	0	Dead-MCTdk	yeah me lovely weather
1780164701	0	0	DEADCOREM1	Hello me, its me again
1780164704	0	0	Flex Luthor💪	both of my heltecs are just chilling in the original packaging
1780164718	0	0	Flex Luthor💪	@[Neno] I'm pretty glad I haven't bought one haha
1780164751	0	0	Whiskey 01😎	Weathers good at 8000 feet
1780164806	0	0	TRARS 3	@[Neno] Yes, what firmware? Ripple?
1780164879	0	0	Whiskey 01😎	Follow along on adsb
1780164898	0	0	Whiskey 01😎	Cap3693
1780164910	0	0	Turisan_Wio	Good morning
1780165001	0	0	TG-T1000E-1379	Test
1780165005	0	0	Flex Luthor💪	@[Whiskey 01😎] wow there you are! https://globe.adsbexchange.com/?icao=a300df
1780165080	0	0	TRARS 3	@[Whiskey 01😎] Now just stay up there so we can use you as a repeater
1780165245	0	0	T1000e 🚛	@[TG-T1000E-1379] Received 11 hops to Enumclaw 
1780165655	0	0	DEADCOREM1	More repeaters are always good
1780165800	0	0	Howl @ 🏡	@[Flex Luthor💪] Just three? 3x V3's, Ikoka Stick, RAK4631, Heltec V4, Wismesh Tag...
1780165817	0	0	Flex Luthor💪	@[Howl @ 🏡] listen, you
1780165859	0	0	Howl @ 🏡	My G2, and 2x Xiaos are currently not technically on the desk.
1780165883	0	0	Howl @ 🏡	Need to deploy more and code less.
1780165896	0	0	k7elv	Good mid-day mesh ✨
1780166319	0	0	orange0-heltec-v3-c	@[Whiskey 01😎] tail number?
1780166389	0	0	N5XMT - T096	@[7imited 3xp] what size solar panel are you using?
1780166538	0	0	Chuck@🏠	What's up folks?
1780166615	0	0	TRARS 1	@[Chuck@🏠] Gonna go to Home Depot and spend a gift card on velcro
1780166757	0	0	Flex Luthor💪	@[TRARS 1] 👀
1780166845	0	0	m0x	just watched Arsenal lose
1780166888	0	0	DEADCOREM1	Testing from node 1
1780166899	0	0	🐶WhiskeyOscarZeroFoxtrot.com	Hello world
1780166934	0	0	DEADCOREM1	Hello wozf
1780167086	0	0	GatoLoco	@[DEADCOREM1] 6 hops from Capitol Hill Seattle
1780166492	0	0	TG-T1000E-1379	Good afternoon
1780166549	0	0	DEADCOREM1	@[GatoLoco] thank you
1780166563	0	0	Chuck@🏠	@[TRARS 1] haha nice. We have a couple cards floating around as well. We are planning on making a garden shed at some point.
1780166565	0	0	Dead-MCTdk	yeah what i said
1780166825	0	0	AWH T-1000💀	Going to Costco. Anyone need anything?
1780166787	0	0	TRARS 2	@[Chuck@🏠] a shed of cards, if you will
1780167170	0	0	Chuck@🏠	@[TRARS 2] lol
1780167622	0	0	#bot-kelso	The #bot-kelso channel is ready for all your testing and information needs!
1780167774	0	0	DEADCOREM1	Testathon
1780167814	0	0	Rick KG7JBV	Hello from Anacortes
1780167836	0	0	Crusader-1	I’m in Tacoma as well
1780168150	0	0	Slopcore-WisMeshPocket	@[UberMesh] 5 hops to West Seattle
1780168899	0	0	UberMesh	@[Slopcore-WisMeshPocket] hell yeah about to hit the trail
1780168969	0	0	PruneHillCompanion	@[🐶WhiskeyOscarZeroFoxtrot.com] Hello WOZF
1780169782	0	0	AADSIT	New rooftop solar repeater is up in Renton, how far does this message get? 
1780169845	0	0	DEADCOREM1	What's everyone up to today?
1780169873	0	0	Jade	@[AADSIT] you can test that  on the different #bot channels. See https://CascadiaMesh.org/channels
1780169883	0	0	TRARS 2	@[AADSIT] Everett 9 hops
1780169831	0	0	Crusader-1	Transmit test
1780169894	0	0	Crusader-1	Transmitting from Tacoma, anyone out there?
1780169923	0	0	CrabCity	@[Crusader-1] 8 to west Seattle 
1780169963	0	0	DEADCOREM1	Another test here
1780170213	0	0	TOOTDECK	good afternoon
1780170111	0	0	TRARS 3	@[TOOTDECK] bonjour
1780170184	0	0	#bot-kelso	@[Crusader-1] 9 hops to Kelso, WA
1780170489	0	0	#bot-kelso	For reception reports you can use channels #bot-kelso #bot-sea #bot-everett #bot-pdx and #bot-oly amongst others
1780170629	0	0	#bot-kelso	@[TOOTDECK] Good afternoon from Kelso, WA
1780170660	0	0	Titan	What’s new meshies?
1780170782	0	0	Slopcore-WisMeshPocket	@[Titan] Dropping a deuce. 5 hops to my bathroom. 
1780170848	0	0	TRARS 1	@[Slopcore-WisMeshPocket] 5 skips to my loo
1780170883	0	0	TRARS 3	I ended up buying a 1/4 HP air mover fan at HD because it rocks
1780170934	0	0	TRARS 3	And some velro
1780171177	0	0	K4RDP Home Base	@[AADSIT] 9 hops to Ferndale
1780171620	0	0	Gramarye 🌵🐺🌶️	HONK fest
1780171685	0	0	TRARS 3	@[Gramarye 🌵🐺🌶️] oh yeah, I heard about that, you there?
1780171659	0	0	N5XMT - T096	@[Crusader-1] 10 hops to Sedro-Woolley 
1780172932	0	0	Meshtatoes-Base	@[Gramarye 🌵🐺🌶️] in Columbia city today?
1780173188	0	0	VA7XP	10 hops to paradise!
1780173410	0	0	AI-George-Mobile	Should I buy a rak 1w unit to put up a repeater 
1780173647	0	0	Chuck@🏠	Yoo
1780173688	0	0	TRARS 3	@[Chuck@🏠] yooo
1780173695	0	0	Chuck@🏠	Busy in here today 
1780173632	0	0	Chuck@🏠	I have just been sleeping all day. I am tired
1780173644	0	0	AWH T-1000💀	@[AI-George-Mobile] Good choice 
1780173657	0	0	Chuck@🏠	Yeah that's weird
1780173677	0	0	ඞChicky-Portable	todays a wonderful day in cal anderson!
1780173846	0	0	Chuck@🏠	No atmospheric ducting going on right now
1780173897	0	0	Chuck@🏠	Just a weird day i guess
1780174359	0	0	Chuck@🏠	Watching the analyzer i am seeing a bunch of people getting low hop count
1780174753	0	0	TRARS 3	@[Chuck@🏠] now your messages disappeared from the analyzer altogether 
1780174760	0	0	TRARS 3	The letsmesh
1780174834	0	0	TRARS 3	Or message singular 
1780174976	0	0	Chuck@🏠	PDX Mark Tag, I see you on analyzer with 54hops. Not RF
1780174993	0	0	orn	yjj
1780175264	0	0	k7elv	Howdy mesh :)
1780175294	0	0	TRARS 3	@[k7elv] yo yo
1780175439	0	0	TRARS 3	@[Chuck@🏠]  no, I'm not hearing @[PDX KC7HTA Mark Tag New] rf either
1780175478	0	0	Chuck@🏠	Ok PDX Mark, it might just be my repeater here not catching it.
1780175498	0	0	Chuck@🏠	@[TRARS 3] interesting
1780175537	0	0	TRARS 3	Was only able to tag him because it was it was seen earlier
1780175613	0	0	Chuck@🏠	Ahh
1780175624	0	0	AADSIT	My neighbor started a new garden bed and then forgot about it. Am I a bad person for tossing old potatoes over the fence into it as a gag? 
1780175689	0	0	Chuck@🏠	Some messages I see RF, but they don't show on analyzer.
1780175884	0	0	🏷️ Andrew	RF RF RF
1780175970	0	0	Chuck@🏠	@[🏷️ Andrew] saw that one on both
1780176009	0	0	🏷️ Andrew	@[Chuck@🏠] that's just cause I'm good like that
1780176035	0	0	k7elv	@[TRARS 3] yo 👋
1780176088	0	0	Chuck@🏠	@[🏷️ Andrew] lol
1780176246	0	0	Chuck@🏠	@[🏷️ Andrew] that lol I just send took 34 local repeats to make it out
1780176291	0	0	TRARS 3	@[Chuck@🏠] Doon't stop, belieeevin 
1780176386	0	0	TRARS 3	@[🏷️ Andrew] that's crazy, and makes sense, because I just saw you on the analyzer and not here 😂
1780176392	0	0	🏷️ Andrew	@[Chuck@🏠] yea my last message didn't make it past like 2 km
1780176460	0	0	🏷️ Andrew	@[TRARS 3] perfect timing
1780176486	0	0	UberMesh	Chiggity check!
1780176507	0	0	HowlBot🤖	There are several testing bots on our mesh, join #bot, #bot-tacoma, #bot-islands, #olybot, #bot-sea, or #bot-van and type 'help' to get started.
1780176552	0	0	TRARS 3	And my last message to Chuck about getting hung up never showed up on the analyzer
1780176590	0	0	TRARS 3	Nor did that one
1780176606	0	0	🏷️ Andrew	@[UberMesh] https://m.youtube.com/watch?v=fC_q9KPczAg
1780176620	0	0	TRARS 3	Then that one boomed
1780176641	0	0	Chuck@🏠	Lol, weird day
1780176686	0	0	🏷️ Andrew	Maybe some interference down here atm
1780176695	0	0	Chuck@🏠	I even just took my pants off and am now poo bearing it around the house
1780176706	0	0	TRARS 3	Yup, gonna let it go for a bit
1780176712	0	0	TRARS 3	😳
1780176738	0	0	laietyluke🫶🏼	Muy Bien 
1780176815	0	0	Chuck@🏠	@[laietyluke🫶🏼] Sehr Gut! Wunderbar!
1780177022	0	0	Chuck@🏠	Lol my wife was like "where are your pants?"
1780177272	0	0	206YALL	@[Chuck@🏠] pants are overrated
1780178086	0	0	laietyluke🫶🏼	@[Chuck@🏠] masos menos 
1780178170	0	0	🐶WhiskeyOscarZeroFoxtrot.com	@[Chuck@🏠] Pants are for work days
1780178604	0	0	Frodus17	@[AI-George-Mobile] That's what I did. I got the RAK 1W kit, then got the RPi hat and moved my 1W module over to the hat. Running pymc now
1780178913	0	0	Chuck@🏠	@[🐶WhiskeyOscarZeroFoxtrot.com] yeah lol
1780179081	0	0	Gatorade🚰	E
1780179585	0	0	AJ7GW	Anyone copying me?
1780179612	0	0	K7OLI T1000e	@[AJ7GW] Good copy!
1780179618	0	0	Efficiency Problem	@[AJ7GW] yes
1780179679	0	0	jackal	reading you here in Bellingham!
1780179771	0	0	laietyluke🫶🏼	https://www.pandora.com/artist/johan-gielen-airscape/trance-society/trance-society/TRkxxkbblkhdxZJ 
1780179854	0	0	Chuck@🏠	@[jackal] seeing you in bremerton at 9hops
1780179952	0	0	🐶WhiskeyOscarZeroFoxtrot.com	@[Gatorade🚰] 👋 
1780179982	0	0	laietyluke🫶🏼	@everyone WE GOT THE BASKETBALL JONES !!!
1780180054	0	0	Chuck@🏠	@[jackal] seeing you in bremerton at 9hops
1780180143	0	0	SolarNode KI7RYA	Ping 
1780180200	0	0	SolarNode KI7RYA	Goedenavond! 
1780180304	0	0	Gatorade🚰	@[laietyluke🫶🏼] LOL that masspinged a bunch of discord servers that have poorly written bridge bots that don't filter highlights
1780180268	0	0	WxDev❄️🧜‍♀️	@[Gatorade🚰] likely the point. 
1780180354	0	0	laietyluke🫶🏼	2026CE
1780180642	0	0	Chuck@🏠	Making chicken douvon with mixed in jalapeño poppers wrapped in bacon and cream cheese with rice for dinner.
1780186704	0	0	TRARS 1	Whoa
1780186750	0	0	Gatorade🚰	@[WxDev❄️🧜‍♀️] maybe, maybe not but also hi @Admin @admins @mod @mods @admins @staff @dev @developer @developers 😹
1780186857	0	0	N1TJT MeshPocket	Hello mesh from T-Mobile Park 🔱⚾
1780186865	0	0	Gatorade🚰	unfortunately I don't think that one worked
1780186880	0	0	Gatorade🚰	/shrug
1780186896	0	0	Chuck@🏠	@[N1TJT MeshPocket] howdy!!
1780186906	0	0	Peppermint	Ello!
1780186933	0	0	N5XMT - T096	@[N1TJT MeshPocket] 7 hops to Sedro-Woolley 
1780186941	0	0	Chuck@🏠	@[Peppermint] howdy peppermint!
1780186947	0	0	laietyluke🫶🏼	@everyone LAARPING **CONQUEST OF CONVICTIONS 
1780186983	0	0	Peppermint	@[Chuck@🏠] hey chuck how've you been?
1780186999	0	0	laietyluke🫶🏼	**PUTS HAT OVER HEART AND SALUTES THE FLAG.. cough cough 
1780187167	0	0	Peppermint	Pretty good went to my partners and forgot my radio
1780187278	0	0	Chuck@🏠	@[Peppermint] uh oh!
1780187344	0	0	N1TJT MeshPocket	@[Chuck@🏠] 👋
1780187368	0	0	Chuck@🏠	@[N1TJT MeshPocket] Howdy!!
1780187247	0	0	Peppermint	@[Chuck@🏠] all good. Back home now and trying to get a reliable signal
1780187322	0	0	Gatorade🚰	sickosyes.jpg
1780187329	0	0	Chuck@🏠	@[Peppermint] have you tried out the mcarper firmware yet?
1780187397	0	0	Peppermint	@[Chuck@🏠] I havent. Im currently running meshcore.
1780187541	0	0	Chuck@🏠	@[Peppermint] yeah mcarper firmware is great!
1780187939	0	0	Peppermint	@[Chuck@🏠] im still newer to mesh and im figuring out what bits just my dead zone 
1780188067	0	0	Volunteer 1	Hi hi 
1780188114	0	0	Chuck@🏠	@[Peppermint] ah ok. Well mcarper firmware is meshcore. It just auto resends your messages until it gets it out.
1780188213	0	0	Chuck@🏠	@[Peppermint] I have it on all 7 of my repeaters. So I get up to 60 repeats to try and send my message out.
1780188228	0	0	Peppermint	@[Chuck@🏠] ohhh ok.. Where would I locate it so I could try it out?
1780188292	0	0	k7elv	@[Chuck@🏠] I second that :) link please ✨
1780188315	0	0	Chuck@🏠	@[Peppermint] https://github.com/mikecarper/MeshCore/releases/tag/v1.15.0-dev-7d237f87
1780188351	0	0	k7elv	@[Chuck@🏠] 👍
1780188362	0	0	Chuck@🏠	@[Peppermint] let me get you a link
1780188485	0	0	ILikeItMeshyM1	Horrible traffic today’
1780188448	0	0	Chuck@🏠	It will show the message continue to repeat after it sends it, but it won't send it twice.
1780188662	0	0	Chuck@🏠	You can flash the firmware over your current repeater firmware without erasing it completely
1780188729	0	0	HowlBot🤖	Hello! Come send test messages in #testing, or talk to the bot army in #bot, #bot-tacoma, #bot-van, #bot-sea, and #olybot; 'help' to start.
1780189605	0	0	N5XMT - T096	New case I printed for the T096.  https://drive.google.com/drive/folders/1rTLTj6974YtKv0ppcqIYSxou3ypWWVHM
1780189707	0	0	N5XMT - T096	Single 18650 Samsung 30E and room for a GPS antenna
1780189777	0	0	ginny	I replaced my antenna and I don’t think I broke anything :D
1780189943	0	0	N5XMT - T096	@[ginny] seems to be working!
1780190045	0	0	Crusader-1	Do yall use charge controllers for your solar nodes?
1780190203	0	0	🗿	@[Crusader-1] I’m using a peakmesh MPPT on mine
1780190714	0	0	Jeff - AD7LN	@[Crusader-1] yes MPPT controller 
1780190859	0	0	RUSS - KG7ZPF	@[KD6UIH] Hello from Grants Pass 
1780191059	0	0	N5XMT - T096	@[Crusader-1] Using this MPPT on my RAK 1W with a 12V 10W DfRobotics solar panel. https://www.digikey.com/short/pdbfr258
1780191061	0	0	Raccoon (Ardmore NE)	@[RUSS - KG7ZPF] Hello Grants Pass, 26 hops to Bellevue. 
1780191214	0	0	Raccoon (Ardmore NE)	@[Crusader-1] Peakmesh controller with 2 5v panels on a RAK 1w. 
1780191203	0	0	67 Ohio	She Ra on my di till I o 
1780191266	0	0	lasagna	Anyone meshing at T-Mobile Park?
1780191281	0	0	TRARS 3	@[N5XMT - T096] very nice
1780191491	0	0	sobi1kenobe	@[sobiguy] 
1780191517	0	0	SeaBot🌊	Check out the new CascadiaMesh website if you haven't already: https://cascadiamesh.org
1780191341	0	0	Flex Luthor💪	@[lasagna] I remember taking a Cybiko to Safeco Field and being very dissapointed, I wish you the best finding other meshers there
1780191375	0	0	Flex Luthor💪	that was 20 years before the tdeck!
1780191549	0	0	lasagna	GoMs!!
1780191763	0	0	lasagna	@[Flex Luthor💪] I didn't expect so haha but the reception is great up here! 😄
1780191798	0	0	JulietBravo	Wait, @[lasagna], you’re literally watching the mariners right now? 
1780191997	0	0	TRARS 1	Yeah, someone else here was at the game last night with a sensecap T1000E and he was haviong no problems getting out
1780191984	0	0	Repetend🐻	@[TRARS 1] cool 
1780192491	0	0	Pantherra352	@[Crusader-1] yes, Waveshare. 12v15-25watt solar input
1780192596	0	0	KD6UIH	@[RUSS - KG7ZPF] hello bach to you 
1780193507	0	0	Joel	What'd I miss?! Been building a shed all day.
1780193198	0	0	Howl 👾	Oklahoma City lost. 🎉
1780193218	0	0	Gettin' Meshy With It	Mariners are kicking butt
1780193231	0	0	UberMesh	Spurs win!
1780193842	0	0	N5XMT - T096	Anyone know how the meshcore is out in Oklahoma City?  Im gonna be there next week for training for work 
1780193830	0	0	Howl 👾	@[N5XMT - T096] MeshMapper shows two repeaters on the whole map.
1780193859	0	0	TRARS 3	Actually kinda chilly tonight 
1780194136	0	0	N5XMT - T096	I'll have to look and see if they are near where I'll be
1780194184	0	0	🦨 b skunk t114	Hheellllooo meshies
1780194077	0	0	206YALL	@[🦨 b skunk t114] howdy
1780194242	0	0	sobiguy	@[sobi-3] hello
1780194453	0	0	Chuck@🏠	Howdy howdy!
1780194699	0	0	N5XMT - T096	Well, Crap. Appears Oklahoma is all meshtastic... 
1780194775	0	0	N5XMT - T096	Well, Crap. Appears Oklahoma is all meshtastic... 
1780194922	0	0	TRARS 3	@[N5XMT - T096] eeww
1780195302	0	0	AaronTheBaron 🦫	@[2Tall] you should put a repeater on that head of yours
1780195526	0	0	AaronTheBaron 🦫	Good evening from Beaverton
1780195547	0	0	Rosstafari	What's up Eugene?
1780195599	0	0	TRARS 1	@[AaronTheBaron 🦫] Evening from Everett WA
1780195537	0	0	Flex Luthor💪	I was like oh cool someone else in everett, nope we're still the only two apparently ahahahha
1780195840	0	0	MeshMaker J - Heltec v3 (2)	Hey from Tigard 
1780195906	0	0	TRARS 3	@[Flex Luthor💪] I think there are others lurking
1780196109	0	0	Howl 👾	I still want to know who was cool enough to add a repeater on Hat Island.
1780196178	0	0	AaronTheBaron 🦫	@[MeshMaker J - Heltec v3 (2)] I had the exact opposite experience. I’m in the Portland burbs where are you?
1780196200	0	0	MeshMaker J - Heltec v3 (2)	Tigard by progress ridge
1780196286	0	0	TRARS 3	@[Howl 👾] It claims to be on the golf course too 😂
1780196415	0	0	Charter Oak-Pocket	@kilroywashere you there Jon?
1780196684	0	0	Rainbow 🌈	Time for a distance test.  Broadcasting from Mt. Scott in Portland.... what say you.....?
1780196721	0	0	Gettin' Meshy With It	@[Rainbow 🌈] 12 hops to Enumclaw WA 👋🏼
1780196748	0	0	JBravo 👻	@[Rainbow 🌈] 12 hops to Redmond, WA 
1780196862	0	0	TRARS 2	@[Rainbow 🌈] Everett WA 
1780197002	0	0	AstaCrazyBull	@[Rainbow 🌈] 12 hops Port Orchard 
1780197068	0	0	TRARS 2	Moonrise looks gnarly right now
1780197108	0	0	TRARS 2	Big ass rock in the sky
1780197123	0	0	Aries	@[Rainbow 🌈] 12 hops to Auburn 
1780197589	0	0	N5XMT - T096	@[Rainbow 🌈] 15 hops to Sedro-Woolley 
1780197629	0	0	PDX KC7HTA Mark WIO 1B	@[Rainbow 🌈] 2 hops to Gateway
1780197685	0	0	AaronTheBaron 🦫	@[2Tall] you awake?
1780197703	0	0	Meshtatoes-Base	@[Rainbow 🌈] 11 hops to Kent East Hill
1780197802	0	0	Peppermint	@[Rainbow 🌈] 12 hops to cap hill in seattle
1780197869	0	0	ROAMesher Alaska Cruising	Greetings from NCL ENCORE! Docked in Victoria, BC
1780197882	0	0	PDX KC7HTA Mark Tag New	New Repeater setup on Scouters Mountain.  Happy Valley should have better coverage now.
1780197907	0	0	Peppermint	Everyone is 12 hops lol
1780197939	0	0	PDX KC7HTA Mark Tag New	@[ROAMesher Alaska Cruising]: 25 hops to NE Portland, Oregon
1780197979	0	0	Clippy 📎	@[Peppermint] you show up as 5 hops for me
1780197979	0	0	Howl @ 🏡	@[ROAMesher Alaska Cruising] Nice! I'm going to do that in a few weeks. Did they hassle you about the radios?
1780198019	0	0	ROAMesher Alaska Cruising	@[Howl @ 🏡] no one checked. Security was a joke
1780198024	0	0	Peppermint	I meant from rainbow lol
1780198064	0	0	Howl @ 🏡	@[ROAMesher Alaska Cruising] Nice. Bringing a couple radios then.
1780198085	0	0	Clippy 📎	[( ఠ ͟ʖ ఠ)
1780198227	0	0	Slartibartfast	@[ROAMesher Alaska Cruising] Welcome to Victoria
1780198339	0	0	Rainbow 🌈	Thx to all that responded
1780198110	0	0	NT3Smp	@everyone
1780198143	0	0	ROAMesher Alaska Cruising	@[Rainbow 🌈] received in Victoria, BC
1780198157	0	0	ROAMesher Alaska Cruising	11 hops
1780198192	0	0	🏷️ Andrew	@[NT3Smp] what
1780198265	0	0	Howl 👾	Goodnight Mesh! 💤
1780198268	0	0	NT3Smp	Sorry for the ping
1780198326	0	0	Gatorade🚰	@[NT3Smp] no ur not 😂
1780198817	0	0	DEADCOREM1	Testing 
1780198763	0	0	JBravo 🏳️‍🌈	<blink> @DEADCOREM1 - it’s showing as 74 (??) hops for me
1780198831	0	0	Gatorade🚰	@[JBravo 🏳️‍🌈] this happens when you have an old app connecting to a new firmware and recieve a multibyte packet
1780198845	0	0	Gatorade🚰	update ur app
1780198979	0	0	PDX KC7HTA Mark Tag New	@[AaronTheBaron 🦫]: Got you 7 hops to NE Portland
1780199285	0	0	AaronTheBaron 🦫	@[2Tall] check
1780199460	0	0	TRARS 3	@[DEADCOREM1] he was talking to another person
1780199532	0	0	AaronTheBaron 🦫	@[2Tall] I've adverted
1780200058	0	0	Gatorade🚰	now announcing #onlydans, only add it if ur name is dan!!!
1780200131	0	0	Flex Luthor💪	@[Gatorade🚰] hahaha
1780200936	0	0	9433E9B3	@[Skyhawk M2] thank you! Meshtastic is dead
1780201667	0	0	DRIVIN AROUND EGGIN THE TOWN	This is a test 
1780201775	0	0	🌲Tristan	Hopefully everyone is enjoying another lovely weekend on the mesh. 
1780208834	0	0	k7elv	@[PDX KC7HTA Mark Tag New] sweet !
1780209019	0	0	TRARS 3	Two hours to true full moon
1780209135	0	0	Flex Luthor💪	@[TRARS 3] awooooo
1780209327	0	0	Flex Luthor💪	@[TRARS 3] did you lose a bet?
1780209566	0	0	Flex Luthor💪	@[TRARS 3] indeed. Bic lyfe
1780209589	0	0	Gatorade🚰	t̷̡̪͕̚͘ë̵̤̥̱̂͒̔̐͒̅͂͐͘͜s̵̼̀͂͌͒̐͘͝t̸͇̞̟͕̤̪̤̬̲̮͕͇̝̊̓̎̃́͆̽͘͠͝͝ͅ
1780209648	0	0	TRARS 3	@[Gatorade🚰] Wtf mate
1780209677	0	0	Via🏡	@[Gatorade🚰] having fun? lol
1780209738	0	0	Gatorade🚰	ÿ̷̮̹̖́̇͘ę̷͖̫̱̝̇̈́͛̒͆̊̿̿͆s̸̭͉̄̃̚ͅ
1780209751	0	0	Flex Luthor💪	ᖴOᑎTS ᗩᖇᕮ ᖴᑌᑎ
1780210777	0	0	TRARS 3	Sorcery
1780210805	0	0	Flex Luthor💪	🅦🅞🅞🅟   🅦🅞🅞🅟
1780210994	0	0	Gatorade🚰	ꜰᴜᴋ ᴜ ɪ ᴡᴏɴᴛ ᴅᴏ ᴡᴀᴛ ᴜ ᴛᴇʟʟ ᴍᴇ
1780211005	0	0	TRARS 3	| $$$$\   $$  $$\  \__/$$ |    $$  |   $$  /    \__/     $$\      \__|
1780211145	0	0	Flex Luthor💪	((̲̅ ̲̅(̲̅C̲̅r̲̅a̲̅y̲̅o̲̅l̲̲̅̅a̲̅( ̲̅((>
1780211235	0	0	Gatorade🚰	nice
1780211275	0	0	Flex Luthor💪	•͡˘㇁•͡˘
1780211291	0	0	Flex Luthor💪	i miss my huge crayola
1780211305	0	0	Gatorade🚰	𖨆
1780211253	0	0	Flex Luthor💪	(╯°□°）╯ ︵ ┻━┻
1780211513	0	0	TRARS 3	I come here for the serious shit
1780211537	0	0	Flex Luthor💪	[̲̅$̲̅(̲̅ιοο̲̅)̲̅$̲̅]
1780211656	0	0	Flex Luthor💪	☚ (<‿<)☚
1780212163	0	0	Gatorade🚰	꧁꧂
1780212283	0	0	Gettin' Meshy With It	@[TRARS 3] I just hopped on here and was like wtf 
1780212372	0	0	Gatorade🚰	𑜺
1780212393	0	0	TRARS 3	@[Gettin' Meshy With It] 🤣
1780212384	0	0	Flex Luthor💪	@[Gettin' Meshy With It] (ಠ_ಠ)
1780212344	0	0	RuckMobile V4 🚛	¯⁠\⁠_⁠(⁠ツ⁠)⁠_⁠/⁠¯
1780212461	0	0	Flex Luthor💪	( ͡° ͜ʖ ͡°)
1780212487	0	0	Efficiency Problem	@[SpooderMan] thanks spooder o7
1780212495	0	0	SpooderMan	@[Efficiency Problem] lol wat 😂 
1780214572	0	0	M01🍑	Test
1780218486	0	0	KB7SDM RakTag	Ubereats mobile! Over an hour wait at Taco Bell right now yeeeeesh
1780219633	0	0	TRARS 1	whoa
1780222265	0	0	CrabCity	Can’t walk there?  
1780226382	0	0	Creston Mobile	Test
1780226839	0	0	Creston Mobile	Hey, the default tx power for v4 is 22 dbm Works much better set to 28 dbm
1780231828	0	0	K4RDP Home Base	Good Sunday morning Mesh crew
1780231861	0	0	Wm70-ID/C	Good Morning!
1780233162	0	0	GatoLoco	Good morning Cascadians
1780233470	0	0	Chuck@🏠	Good Morning
1780234712	0	0	Pantherra352	Sup
1780234794	0	0	Kits-L1Pro	Greetings 
1780234874	0	0	Dude✌️	Morning yall 
1780234908	0	0	🧁BananaNutMuffin	Good morning
1780235014	0	0	NicksNet-Mobile	What's the consensus on 2 byte path? Are most of us using it?
1780235592	0	0	Slartibartfast	@[NicksNet-Mobile] https://analyzer.cascadiamesh.org/#/analytics?tab=hashsizes
1780235693	0	0	Slartibartfast	@[NicksNet-Mobile] https://analyzer.cascadiamesh.org/#/analytics?tab=hashsizes
1780236014	0	0	Slartibartfast	Most could use multi-byte, but most aren't yet. People should upgrade repeaters and add regions in the summer
1780236236	0	0	NicksNet-Mobile	@[Slartibartfast] ♥️ thank you. I think I'll configure for 3 byte
1780236265	0	0	N7JMV-tag-cp	The issue is what regions and will they be no flood or not
1780236347	0	0	Slartibartfast	Flood allowed at first https://gessaman.com/meshcore/regions/config/
1780236527	0	0	NicksNet-Mobile	Is there a document or guide covering setup re: regions, flood, etc?
1780236598	0	0	Slartibartfast	https://gessaman.com/meshcore/regions/explainer/
1780236612	0	0	NicksNet-Mobile	@[Slartibartfast] thank you! 
1780236862	0	0	Slartibartfast	V1.16 firmware will allow bulk loading of regions, which helps a lot
1780237434	0	0	HowlBot🤖	Morning! 3383 active in last 30d: 2322 repeaters, 839 companions. New in last 7d: 74 repeaters, 101 companions. 647 users active in last 24h.
1780238529	0	0	Joel	Good morning mesh! Another prettyday out. Time to start that shed build! 🔨 🏠 
1780238917	0	0	Jeff - AD7LN	Morning mesh ☕🌞
1780239241	0	0	TG-L1-D6F9	Good morning
1780239273	0	0	JBravo 🏳️‍🌈	Good morning, all!
1780239610	0	0	AaronTheBaron 🦫	@[K7OLI M2] good morning 5 hops to Beaverton 
1780239795	0	0	VA7XP	Anyone switching to 425?
1780240121	0	0	Jamie D - Wismesh V2	@[VA7XP] I'm relatively new to this mesh thing, what is 425?
1780240274	0	0	AWH T-1000💀	Gooooooid morning 
1780240392	0	0	2B0637E9	Morning Beaverton
1780240529	0	0	Chuck@🏠	Morning morning 
1780240611	0	0	Chuck@🏠	@[VA7XP] hell no!
1780240623	0	0	meshpunk dude deck	@[Chuck@🏠] yohooo how goes
1780240631	0	0	TRARS 3	Ham/egg/cheese sandwich
1780240666	0	0	TRARS 3	@[VA7XP] why would we?
1780240783	0	0	Chuck@🏠	@[meshpunk dude deck] howdy! All goes well man, how are you?
1780241032	0	0	Dude✌️	@[Chuck@🏠] another fine day. Almost got ble working fully on my tdeck firmware!
1780241152	0	0	k7elv	Good morning mesh :)
1780241216	0	0	Chuck@🏠	@[meshpunk dude deck] howdy! All goes well man, how are you?
1780241297	0	0	Chuck@🏠	@[Dude✌️] oh sweet! That is something I haven't checked out yet.
1780241386	0	0	Dude✌️	@[Chuck@🏠] im about to actually put out a release so I'll send you a link when i do
1780242587	0	0	8248	good morning mesh!
1780242761	0	0	PDX KC7HTA Mark Rak MB	@[8248] Good morning. 🥱 ☕ 🌞 
1780243055	0	0	Creston Mobile	Test
1780243099	0	0	Jeff - AD7LN	@[Creston Mobile] 12 hops to Sherwood OR 
1780243137	0	0	PDX KC7HTA Mark Tag New	@[Creston Mobile]: Good morning. 10 hops to NE Portland
1780243161	0	0	UberMesh	@[Creston Mobile] 3 hops to Sammamish!
1780243180	0	0	Crusader-1	Enjoy this nice Sunday we’re having.
1780243272	0	0	Slartibartfast	@[Jamie D - Wismesh V2] https://forum.meshcore.ca/c/meshcore/futures/32
1780243470	0	0	Slartibartfast	@[Jamie D - Wismesh V2] 425 is the nuclear option to improve hyperlocal comms
1780244782	0	0	TRARS 3	Can't we all just get along
1780245159	0	0	finyvr	good morning mesh!
1780245179	0	0	Pantherra352	@[TRARS 3] NO 🤣
1780245205	0	0	sam_t-deck+	Good mornin
1780245419	0	0	sam_t-deck+	Good morning
1780245428	0	0	sam_t-deck+	good morning
1780245540	0	0	PDX KC7HTA Mark Tag New	@[sam_t-deck+]: Good morning from NE Portland
1780245632	0	0	Flex Luthor💪	@[TRARS 3] (╯°□°）╯︵ ┻━┻
1780245721	0	0	Mike - AD7TH	Good morning mesh
1780245750	0	0	Flex Luthor💪	@[Mike - AD7TH] 👋
1780246033	0	0	KF7BJI QTH	Was good to see everyone 
1780246094	0	0	TRARS 3	@[Flex Luthor💪] Why is that nice man yelling at that repeater?
1780246115	0	0	VA7XP	Hi!
1780246602	0	0	samyvrv3	@[PDX KC7HTA Mark Tag New] 18 hops to Portland 
1780246742	0	0	Roberto 🍩	 Hello from Renton
1780247469	0	0	Mount Branier 🏔️	Sun's out, guns out 💪
1780247716	0	0	VA7WGT_3	@[Mount Branier 🏔️] ACK 6655,65ae,1ffb,cf1b,f3aa,9428,4201,01b0
1780249368	0	0	Joel	Making headway fixing this shed. The parts they sent are not correct🛠
1780249394	0	0	AaronTheBaron ThinknodeM1	2tall check 
1780250571	0	0	Peppermint	Morning everyone
1780254359	0	0	K7OLI T1000e	Hello from the park
1780254441	0	0	AstaCrazyBull	@[K7OLI T1000e] which park?
1780255019	0	0	Chuck@🏠	Whats up people?
1780255148	0	0	AstaCrazyBull	@[Chuck@🏠] good,you?
1780255161	0	0	K6BRR	@toontown 1 DM from Yachats
1780255189	0	0	8248	homework :(
1780255200	0	0	Chuck@🏠	@[AstaCrazyBull] going good here, thanks
1780255225	0	0	Chuck@🏠	@[8248] sorry to hear that.
1780255324	0	0	8248	@[Chuck@🏠] it's fine, luckily school is almost over, 2 more weeks!
1780255396	0	0	Chuck@🏠	@[8248] thats great!
1780255583	0	0	FEAEABDC3F01	Hello from Marmot Pass
1780255613	0	0	Mind	Morning mesh!
1780255699	0	0	N5XMT - T096	@[Chuck@🏠] 👍🐱
1780255757	0	0	Clippy 📎	Prepping for D&D myself
1780255763	0	0	argon	I’m off to work. 
1780256421	0	0	Whiskers Alpha	Am I getting through, or is my contact in a dead zone? How do I tell?
1780256444	0	0	Mind	@[Whiskers Alpha] hear you 5 hops from Seattle 
1780256468	0	0	Whiskers Alpha	@[Mind] thank you. Interesting that your return took 2 hops.
1780256481	0	0	JBravo 🏳️‍🌈	@[Whiskers Alpha] I see you 5 hops to Redmond, WA
1780256537	0	0	Whiskers Alpha	@[JBravo 🏳️‍🌈] and you 6. Juliette Bravo, by any chance?
1780256597	0	0	JBravo 🏳️‍🌈	@[Whiskers Alpha] Yep!
1780256600	0	0	AstaCrazyBull	@[Whiskers Alpha] 7 hops Gig Harbor 
1780256641	0	0	Chuck@🏠	NP: Zabiis- Smeagol's Torment
1780256533	0	0	UberMesh	@[Whiskers Alpha] 4 hops to sammamish
1780256597	0	0	N5XMT - T096	@[Whiskers Alpha] 6 hops to Sedro-Woolley 
1780256688	0	0	N5XMT - T096	7 miles from the house and still hitting my repeater
1780256774	0	0	Whiskers Alpha	I've been looking at the routes that people have replied to me on and either the identifiees aren't matching or the range is massive.
1780256798	0	0	N5XMT - T096	Wheee. Breakfast at Jack in the box
1780256800	0	0	N5XMT - T096	Wheee. Breakfast at Jack in the box
1780256875	0	0	JDNA	@[Whiskers Alpha] the range is massive. CascadiaMesh covers from British Columbia to the California border.
1780256895	0	0	Mount Branier 🏔️	@[Chuck@🏠] What's on the table?
1780256906	0	0	Mind	@[Whiskers Alpha] there are several really strong repeaters im thr area. So paths can take several routes. 
1780256924	0	0	Mind	Go to #testing or #bots do to some path tests
1780256934	0	0	Chuck@🏠	@[Mount Branier 🏔️] for dinner??
1780256994	0	0	Whiskers Alpha	This is surprising to me given that I'm not.
1780257012	0	0	TRARS 3	Mariners game and Silvertips championship final today... Alriiight
1780257042	0	0	Howl @ 🏡	@[TRARS 3] Sounds like a good sports night.
1780257319	0	0	Chuck@🏠	@[Mount Branier 🏔️] we ordered a papa Murphys chicken bacon ranch pizza for dinner.
1780257333	0	0	chuckTermT-Deck	range has been weird
1780257392	0	0	JBravo 🏳️‍🌈	Ya, last night I thought everyone was just ignoring me, but then realized only 1/3 of mine was coming through on Seattle repeater discord
1780257459	0	0	TRARS 3	I think the crap up north has confused some repeater owners
1780257463	0	0	chuckTermT-Deck	Aha! Tdeck BLE on my phone
1780257486	0	0	TRARS 3	@[chuckTermT-Deck] Very nice
1780257512	0	0	chuckTermT-Deck	i have the power!!
1780257575	0	0	TRARS 3	@[chuckTermT-Deck] If it isn't too buggy I'll have to tell my buddy about it
1780257648	0	0	chuckTermT-Deck	t-deck term has the option
1780257847	0	0	chuckTermT-Deck	I am temporarily losing weight right now ;)
1780257944	0	0	chuckTermT-Deck	Even though i am BLE into my t-deck I can use both at the same time.
1780258056	0	0	chuckTermT-Deck	Great!! @[N5XMT - T096] 
1780258109	0	0	chuckTermT-Deck	This makes adding channels to your tdeck way easier lol.
1780258365	0	0	PDX KC7HTA Mark Tag New	@[chuckTermT-Deck]: I have lost almost 100lbs over the last year. Pants size went from 44" to 34"
1780258422	0	0	Brem1 Mobile	Test 
1780258448	0	0	Chuck@🏠	@Brem 1 Mobile yoo!!
1780258633	0	0	Chuck@🏠	@[Brem1 Mobile] i saw your device via BLE the other day lol
1780258697	0	0	Chuck@🏠	@[Brem1 Mobile] by the shipyard
1780258749	0	0	Chuck@🏠	@[Brem1 Mobile] i was trying to connect to my meshpocket and your device showd up in the list
1780259162	0	0	Chuck@🏠	Quiet today...
1780259206	0	0	Chuck@🏠	I get to mow the lawn today...yay
1780259368	0	0	Chuck@🏠	I do have a kick ass 25hp craftsman riding mower that cruises through the grass
1780259549	0	0	TRARS 3	Beautiful day
1780259613	0	0	ShedHero v4.3	Looks like MHB 1w is linked with repeater a4.  That seems to be in all the paths.
1780259650	0	0	Chuck@🏠	@[TC Handheld 1W Beast] haha that's no fun either.
1780259580	0	0	Chuck@🏠	I have to put down some dirt in the rhubarb planter box.
1780259622	0	0	Chuck@🏠	Just rhubarb here so far
1780259637	0	0	JBravo 🏳️‍🌈	Hah, was literally just talking to my 90 year old Dad about his garden and what he wanted in it 
1780259660	0	0	AVN1	@[JT v4.3] 👋
1780259667	0	0	punkto.org	chuck are you in e-wa?
1780259878	0	0	N5XMT - T096	We missed the main veggie season LOL. Have quite a few herbs though. Also have 4 Venus flytraps and a sundew!
1780259902	0	0	Monstera	i love plants 
1780259927	0	0	Chuck@🏠	I wanted to do potatoes 
1780260060	0	0	Chuck@🏠	And we had zucchini...way to much of it.
1780260066	0	0	Chuck@🏠	We grew so many tomatoes one year it was crazy. We just ended up making a bunch of jars of salsa.
1780260208	0	0	JBravo 🏳️‍🌈	Mmmm salsa 
1780260389	0	0	PDX KC7HTA Mark Tag New	@[K6BRR]: 9 hops to NE Portland
1780260984	0	0	ShedHero v4.3	An advert for an Olympia repeater came in at 2:11
1780261301	0	0	Old Man	Great day
1780261646	0	0	Peppermint	Hows everyone?
1780262043	0	0	Pocket Chuck	@[Peppermint] hey peppermint!
1780262506	0	0	N5XMT - T096	@[Peppermint] just Peachy!🍑
1780262500	0	0	AaronTheBaron 🦫	@[Peppermint] all minty now 
1780263926	0	0	AaronTheBaron 🦫	@[K7OLI T1000e] oh cool, I have friends there and trying to reach them from Beaverton 
1780264294	0	0	PORTdeck	68 in bothell but feels like a lot more in an old truck
1780271824	0	0	Gatorade🚰	°͌͌͌͌͌͌͌͌͌͌͌͌͌͌͌͌͌͌͌͌͌͌͌͌͌
1780271957	0	0	Joel	What up everyone! Nice afternoon, and a Mariners win in extra innings! ⚾️ 
1780272144	0	0	Gatorade🚰	ṋ̭̭̭̭̭̭̭̭̭oͦͦͦͦͦͦͦͦtͭͭͭͭͭ mͫͫͫͫͫuͧͧͧͧcͨͨͨhͪͪ @[Joel]
1780272269	0	0	questr-mobile	Ping
1780272285	0	0	JBravo 🏳️‍🌈	Pong :)
1780272287	0	0	Gatorade🚰	҉p҉o҉n҉g
1780272347	0	0	TRARS 3	Bing bong
1780272405	0	0	Gatorade🚰	beep boop͓͓͓͓͓͓͓͓͓͓͓͓͓͓͓͓͓͓͓͓͓͓͓͓͓͓͓͓͓͓͓͓͓͓͓͓͓͓͓͓͓͓͓͓͓͓͓͓͓͓͓͓͓͓͓͓͓͓͓͓͓͓͓
1780272534	0	0	Eugene 🦆🦆Wireless Rocks	Eugene (south Valley) area testing new local frequency 912.525 and bandwidth 125Khz.  Change your companion to test
1780272612	0	0	TRARS 3	😬
1780272661	0	0	argon	@[Eugene 🦆🦆Wireless Rocks] 🤔
1780272689	0	0	TRARS 3	Ffss
1780272740	0	0	argon	@[TRARS 3] exactly
1780273336	0	0	AaronTheBaron 🦫	Is Eugene trying to succeed from the mesh? 😂
1780273565	0	0	Old Man	Can anyone reach LaGrande OR?
1780273868	0	0	argon	@[Old Man] I don’t think the mesh has connected east of the cascades in either state. Bc has a few specks. 
1780274059	0	0	TRARS 3	If it were to connect that far, it could be along the Columbia Gorge east toward toward tri-cities in WA too
1780274125	0	0	Peppermint	Testing
1780274137	0	0	TRARS 3	Then t-off north and south east of the mountains
1780274144	0	0	TRARS 3	@[Peppermint] 7 hops to Everett 
1780274184	0	0	TRARS 3	You have to use no more than 2 byte though, it may never reach
1780274321	0	0	AaronTheBaron 🦫	@[Peppermint] Beaverton 14 hops
1780275238	0	0	Dave V4	Hello from Klamath falls. Anyone out there?
1780275453	0	0	TRARS 3	Doubt I'm making it to Klamath Falls in 3 byte lol 
1780275506	0	0	JBravo 🏳️‍🌈	Weird, just installed MeshCoreOpen and it shows me hops to other people on my msgs but not hops to me on others’ msgs.
1780275564	0	0	TRARS 3	Check the app settings
1780275583	0	0	Pocket Chuck	@[Dave V4] howdy!
1780275585	0	0	K4RDP Home Base	@[Dave V4] Hi 23 hops to Ferndale, Wa
1780275606	0	0	HowlBot🤖	Hello! Come send test messages in #testing, or talk to the bot army in #bot, #bot-tacoma, #bot-van, #bot-sea, and #olybot; 'help' to start.
1780275647	0	0	JBravo 🏳️‍🌈	@[TRARS 3] Aha! You’re right, just off by default. I think I like this app
1780275683	0	0	Pocket Chuck	@[Dave V4] 19 hops to bremerton
1780275704	0	0	TRARS 3	@[JBravo 🏳️‍🌈] pluses and minuses to it, I toggle between the official app and the open app for certain features
1780275981	0	0	Itals	hello
1780276069	0	0	JBravo 🏳️‍🌈	@[Itals] Hello!
1780276223	0	0	TRARS 3	Gonna need everyone to pull together and wish the Everett Silvertips a great 3rd period, as they are down 3-1 in the Memorial Cup Final.
1780276256	0	0	TRARS 3	Gonna need everyone to pull together and wish the Everett Silvertips a great 3rd period, as they are down 3-1 in the Memorial Cup Final.
1780276274	0	0	TRARS 3	Gonna need everyone to pull together and wish the Everett Silvertips a great 3rd period, as they are down 3-1 in the Memorial Cup Final.
1780276278	0	0	JBravo 🏳️‍🌈	@[TRARS 3] I’ll go sacrifice a goat… 🐐
1780276328	0	0	TRARS 3	@[JBravo 🏳️‍🌈] I mean ... Unprecedented times call for ancient remedies 
1780276474	0	0	Howl @ 🏡	Ugh, MeshCore Open and its non-human-readable reactions. That's what GRP_DATA packets are for.
1780276477	0	0	ElkDeck	calling on all positive vibes for you @trars 3
1780276859	0	0	T1000e 🚛	Hello
1780276880	0	0	JBravo 🏳️‍🌈	@[Howl @ 🏡] Hm - does reacting to a msg do something weird? I assumed it just changed the display here, not sent odd stuff
1780276913	0	0	Howl @ 🏡	@[JBravo 🏳️‍🌈] it sends "r:6413:02" as a message.
1780277204	0	0	MeshMaker J - Heltec V3 (1)	Anyone in Sandy Oregon?
1780277260	0	0	TRARS 3	@[Howl @ 🏡] the more you know 🌈
1780277278	0	0	TRARS 3	⭐
1780277547	0	0	Sith	Testing a new repeater from northwest portland / rock creek. Anyone hear me?
1780277617	0	0	🍆🍆🍆🍆🍆🍆🍆	@[Sith] there's a #testing channel for this
1780277682	0	0	TRARS 3	@[Sith] 15 hops to Everett WA 
1780279292	0	0	TRARS 3	The Everett Silvertips lose the 2026 Memorial Cup Final to the Kitchener Rangers
1780279439	0	0	Whiskers Alpha	@[Zombie Tracker 🧟] I have a friend in rural Michigan that wants to play with the mesh. There is no mesh to play with there.
1780279459	0	0	Pantherra352	@[Zombie Tracker 🧟] are you saying you aren't getting acks here?
1780280893	0	0	Zombie Tracker 🧟	I get acks in Seattle 
1780280996	0	0	Pocket Chuck	@[Zombie Tracker 🧟] yooo
1780281186	0	0	Chuck@🏠	How's it going?
1780281258	0	0	N5XMT - T096	moo
1780281331	0	0	🇺🇸 Mesh America	@[Chuck@🏠] howdy, how's your weekend been?
1780281373	0	0	Repetend🐻	My new WisMesh tag seems to be working pretty well.  
1780281402	0	0	Joel	Good evening everyone! 
1780281415	0	0	Zombie Tracker 🧟	Hbu @[Chuck@🏠] 
1780281422	0	0	🇺🇸 Mesh America	@[Joel] 👋
1780281453	0	0	Chuck@🏠	@[Zombie Tracker 🧟] it's all good here!! Thanks!
1780281459	0	0	Chuck@🏠	@[Repetend🐻] I have one! It's great!
1780281520	0	0	Joel	@[🇺🇸 Mesh America] hey
1780281526	0	0	N5XMT - T096	Tested OTA flash for my repeater. Works perfectly!
1780281538	0	0	Chuck@🏠	@[🇺🇸 Mesh America] howdy!!
1780281542	0	0	Repetend🐻	@[Chuck@🏠] has yours gotten wet yet?  How did it hold up?
1780281565	0	0	Chuck@🏠	@[Repetend🐻] nah I haven't gotten mine wet yet.
1780281620	0	0	Joel	Ugh another early morning for me tomorrow. 
1780281636	0	0	Chuck@🏠	@[Joel] same!
1780281654	0	0	N5XMT - T096	Looks like the Seattle listener on discord died about 5:05pm. Have to use Everett to make sure messages are going through
1780281746	0	0	Chuck@🏠	@[N5XMT - T096] I just split screen the analyzer with the meshcore app on my android phone
1780281796	0	0	N5XMT - T096	Me too. Have to leave the house at 4am for Seatac. Flying to OKC for a week of training
1780281803	0	0	UberMesh	Howdy @[Chuck@🏠] traffic been slow today for you?
1780281877	0	0	Gettin' Meshy With It	Anyone ever get an INA219 to show battery voltage over meshcore as a repeater with an XIAO nRF52840 & Wio-SX1262?
1780282015	0	0	Chuck@🏠	@[UberMesh] oh yeah, really slow
1780282041	0	0	UberMesh	@[Chuck@🏠] man what is going on?
1780282049	0	0	Gettin' Meshy With It	I know it's a long shot to ask but thought maybe someone knew. I tried Easy Sky Mesh aftermarket firmware without luck
1780282070	0	0	UberMesh	Are the canuck hams sabotaging us?!
1780282078	0	0	TRARS 1	Lot's of defectors north and south
1780282103	0	0	Chuck@🏠	@[UberMesh] no idea lol. Maybe the heat is affecting boards?
1780282275	0	0	UberMesh	@[Chuck@🏠] haha too bad! Chuck do you have a 1w solar repeater, or just keep it at home?
1780282319	0	0	Chuck@🏠	@[UberMesh] I turned my 1watt RAK into a pocket repeater. Other than that I have 2 2watt repeaters
1780282473	0	0	Chuck@🏠	I have about 7 repeaters now
1780282574	0	0	UberMesh	@[Chuck@🏠] Roger that, my 1w will be here this week. Got a 10w solar panel for it, just hope that's enough to keep it going.
1780282672	0	0	Chuck@🏠	@[UberMesh] oh definitely. Just get a good capacity battery. My RAK on a 3000mah battery lasts about 4 days.
1780282733	0	0	Synthi	I should get a battery like that for my companion node, that sounds so nice
1780282753	0	0	Chuck@🏠	I have a RAK 4631 on a 10watt battery with a 20000mah battery built into the panel, and it is never below 100%
1780282780	0	0	Chuck@🏠	Sorry 10watt panel
1780282931	0	0	N5XMT - T096	@[UberMesh] 1w, 10W panel, 10000mah battery, using an external MPPT board. Even gray, dark days haven't been under 85% yet
1780282960	0	0	Chuck@🏠	Sorry again...lol it's a 20watt panel. Here is the link https://a.co/d/03LGJ9oV
1780282987	0	0	Jeff - AD7LN	Hey mesh
1780283061	0	0	Chuck@🏠	@[Jeff - AD7LN] hey Jeff! How are you?
1780283134	0	0	Jeff - AD7LN	@[Chuck@🏠] Great! Just visiting the folks here in Portland 
1780283146	0	0	💀 ded 🧗	Who excited to build something cool?
1780283150	0	0	Chuck@🏠	@[Jeff - AD7LN] sounds like a great time!
1780283162	0	0	Chuck@🏠	I love the oregon coast
1780283182	0	0	Chuck@🏠	@[💀 ded 🧗] what you building man?
1780283274	0	0	💀 ded 🧗	@[Chuck@🏠] the future
1780283287	0	0	Chuck@🏠	@[💀 ded 🧗] hell yeah!
1780283400	0	0	Chuck@🏠	@[💀 ded 🧗] I need to work on MeshWeb more!
1780283413	0	0	Chuck@🏠	@[💀 ded 🧗] I have run out of ideas for my wardrive app.
1780283438	0	0	Chuck@🏠	@[💀 ded 🧗] I have some updates coming to the docker live map.
1780283530	0	0	Chuck@🏠	Might push the same update to the live map
1780283551	0	0	Chuck@🏠	@[💀 ded 🧗] can't wait to see iy
1780283562	0	0	Chuck@🏠	It**
1780283601	0	0	Chuck@🏠	Woah I am getting a great connection right now.
1780283691	0	0	Chuck@🏠	Haha watching my wife move xtreme repeater earlier so I could mow the lawn was hilarious. She did it though.
1780283733	0	0	Chuck@🏠	It's taller than her
1780283971	0	0	Chuck@🏠	I have her move the solar panel away so I don't shoot shit at it from the lawnmower.
1780284138	0	0	Chuck@🏠	Crazy how quiet it got lol
1780284151	0	0	meshpunk dude deck	@[Chuck@🏠] lol should have taken a picture 
1780284167	0	0	Chuck@🏠	@[meshpunk dude deck] haha
1780284213	0	0	Chuck@🏠	I think she found the prime location in the backyard for it haha
1780284324	0	0	DuckArmy🦆🦆🦆	Howdy mesh! Longtime no see! 
1780284354	0	0	Chuck@🏠	I have noticed though at different times of the day I do get better reception.
1780284363	0	0	Chuck@🏠	@[DuckArmy🦆🦆🦆] duck man!! Where have you been bro?
1780284371	0	0	meshpunk dude deck	@[Chuck@🏠] Shes the mesh deviner! 
1780284391	0	0	Chuck@🏠	@[DuckArmy🦆🦆🦆] how have you been?
1780284432	0	0	Chuck@🏠	@[meshpunk dude deck] haha the wise mesh mother.
1780284533	0	0	DuckArmy🦆🦆🦆	@[Chuck@🏠] been actually pretty good. Had a lot going on with family and friends! 
1780284568	0	0	DuckArmy🦆🦆🦆	Anything new happening on the mesh lately? 
1780284670	0	0	TRARS 3	Drama 🙄
1780284681	0	0	AaronTheBaron 🦫	There was a call in the emergency channel I saw today. 
1780284693	0	0	DuckArmy🦆🦆🦆	@[TRARS 3] oh noes! 
1780284702	0	0	Chuck@🏠	@[DuckArmy🦆🦆🦆] well glad to have you back man. Oh just the usual traffic. Some sad hams in Canada want to change the frequency
1780284722	0	0	Chuck@🏠	@[DuckArmy🦆🦆🦆] well glad to have you back man. Oh just the usual traffic. Some sad hams in Canada want to change the frequency
1780284826	0	0	DuckArmy🦆🦆🦆	@[Chuck@🏠] are the Canadians proposing to have the whole nation run on another freq? 
1780284852	0	0	Chuck@🏠	@[DuckArmy🦆🦆🦆] not all of them.
1780284887	0	0	TRARS 3	@[DuckArmy🦆🦆🦆] This kind of helps summarize... https://forum.meshcore.ca/t/follow-up-from-salishmesh-swbc-experiences-
1780284938	0	0	DuckArmy🦆🦆🦆	@[Chuck@🏠] of course. Someone them, I’m sure are happy to be included in the “North American” freqs. 
1780284951	0	0	Chuck@🏠	Don't understand why they want to be different. There is already a huge ecosystem already
1780284958	0	0	TRARS 3	@[DuckArmy🦆🦆🦆] This kind of helps summarize... https://forum.meshcore.ca/t/follow-up-from-salishmesh-swbc-experiences-
1780284977	0	0	Crusader-1	New repeater up in Tacoma 
1780285073	0	0	Chuck@🏠	@[Crusader-1] great work!
1780285167	0	0	Gettin' Meshy With It	@[Jade] Ya I was getting fancy with a DFrobot solar board, and a buck 5v mppt type board also. But I'm just playing around lol
1780285174	0	0	Gettin' Meshy With It	@[Jade] Ya I was getting fancy with a DFrobot solar board, and a buck 5v mppt type board also. But I'm just playing around lol
1780285193	0	0	Chuck@🏠	See the thing about changing frequencies with canada...what they are complaining about will eventually happen to them as well..so...
1780285200	0	0	Gettin' Meshy With It	@[Jade] Ya I was getting fancy with a DFrobot solar board, and a buck 5v mppt type board also. But I'm just playing around lol
1780285232	0	0	Chuck@🏠	It's dumb
1780285275	0	0	AaronTheBaron 🦫	@[Chuck@🏠] what are they complaining about?
1780285277	0	0	TRARS 3	@[Chuck@🏠] 💯
1780285300	0	0	DuckArmy🦆🦆🦆	@[Chuck@🏠] yeah. Sounds a little short sighted maybe. 
1780285320	0	0	TRARS 3	@[AaronTheBaron 🦫] traffic, so they decided to just isolate
1780285355	0	0	Chuck@🏠	@[AaronTheBaron 🦫] a huge mesh with over saturation of adverts that floods the mesh...once they get big enough..it will happen to then
1780285409	0	0	DuckArmy🦆🦆🦆	@[Chuck@🏠] aren’t we trying to get repeater owners to slow down their advert numbers to prevent that? 
1780285462	0	0	Chuck@🏠	The problems will get solved over time with firmware updates I am sure. It just takes time.
1780285668	0	0	🇺🇸 Mesh America	@[Chuck@🏠] why are you 1 byte?
1780285783	0	0	Owelleye T096	Cheap panel worth a try? https://a.co/d/0fxOmxAI
1780285800	0	0	Chuck@🏠	Trying out 3byte
1780285945	0	0	Chuck@🏠	@[Owelleye T096] I have a 6watt on my mobile repeater and it's been great!
1780286006	0	0	DuckArmy🦆🦆🦆	@[Chuck@🏠] 3 byte seems to be read here. 
1780286038	0	0	Pantherra352	@[Chuck@🏠] works
1780289208	0	0	TRARS 3	@[N5XMT - T096] hearing you great in 3 byte 
1780289270	0	0	Chuck@🏠	Haha im 41. I have no idea what I am...but I do know I am not what these labels are.
1780289374	0	0	🇺🇸 Mesh America	Mesh is kinda funny that way... Nobody seems to give a shit about anyone's labels
1780289383	0	0	Slartibartfast	ZephCore is bleeding edge as well. Ideal for T1000-e client
1780289476	0	0	🏷️ Andrew	How are the 40's?  I'm closing in on them fast
1780289506	0	0	N5XMT - T096	Im 63. The 40's weren't so bad
1780289534	0	0	TRARS 3	@[🏷️ Andrew] still in denial, check in in 4 years
1780289560	0	0	Peppermint	I dont wanna think about my 40s my 20s have been hell in a hand basket
1780289625	0	0	TRARS 3	Things go quickly, 30s were a blink
1780289694	0	0	TRARS 3	@[🏷️ Andrew] 💯
1780289714	0	0	Chuck@🏠	Haha true story.
1780289745	0	0	🏷️ Andrew	This layoffs period though has given me a much needed break and transition
1780289754	0	0	DuckArmy🦆🦆🦆	@[Peppermint] it gets better. 
1780289783	0	0	Peppermint	@[DuckArmy🦆🦆🦆] thankyou..
1780289789	0	0	N5XMT - T096	Im out. Up at 4am to fly to OKC.. night all
1780289813	0	0	TRARS 3	Wage slavery is soul sucking. Do the things that make you feel good and won't kill you. 
1780289884	0	0	🏷️ Andrew	Can actually burn down my personal todo list when i am not working or on the road 10-11 hours a day
1780289889	0	0	Chuck@🏠	@[N5XMT - T096] have fun in oklahoma!
1780289898	0	0	DuckArmy🦆🦆🦆	@[Peppermint] once you figure it out a bit you feel a bit better. 
1780289928	0	0	JBravo 🏳️‍🌈	I’m also off to bed but it’s just cuz I’m an old early bird 😂And because I want to read Noumenon and see what happens
1780289973	0	0	DuckArmy🦆🦆🦆	@[JBravo 🏳️‍🌈] GN! 
1780290430	0	0	Peppermint	@[DuckArmy🦆🦆🦆] @[TRARS 3] Currently taking my luck at disability.
1780290482	0	0	Peppermint	Oops didnt mean to @ 2 people 
1780290678	0	0	DuckArmy🦆🦆🦆	@[Peppermint] understood. Makes things even more challenging…
1780290719	0	0	Peppermint	@[DuckArmy🦆🦆🦆] it'll get better with time though
1780291405	0	0	DuckArmy🦆🦆🦆	@[Peppermint] I truly does. 
1780291452	0	0	Peppermint	@[DuckArmy🦆🦆🦆] having a good night so far?
1780291462	0	0	DuckArmy🦆🦆🦆	Well, I’m gonna go read my book! Later y’all. 
1780291506	0	0	TRARS 3	@[DuckArmy🦆🦆🦆] ✌️
1780291524	0	0	Peppermint	Take care!
1780291553	0	0	DuckArmy🦆🦆🦆	@[Peppermint] great so far and now I get to read Nick Harkaway. So it gets better! 
1780293137	0	0	TRARS 1	however the clock settings need some work
1780293513	0	0	CF-54_ToughBook	test
1780293501	0	0	K7OLI T1000e	@[CF-54_ToughBook] 👋🤘 6 hops Salem
1780293504	0	0	K7OLI T1000e	@[CF-54_ToughBook] 👋🤘 6 hops Salem
1780293548	0	0	K7OLI T1000e	Weekend is over 😭
1780294857	0	0	Chuck@🏠	Good night folks!
1780295731	0	0	Gettin' Meshy With It	@[Chuck@🏠] gn
1780295899	0	0	datlaunchystark3	got pretty quiet today
1780296831	0	0	Emu	Dang it. My IKEA smart switch is randomly turning my lights on.
1780296867	0	0	solarbird KK7ZLU/WSLT671 💮	@[datlaunchystark3] it's been real nice i touched some grass and stuff xD
1780297299	0	0	SpooderMan	NotSoSmart watch.
1780297938	0	0	argon	🦉
1780305622	0	0	PDX KC7HTA Mark Tag New	#meshmonday
1780305627	0	0	PDX KC7HTA Mark Tag New	#meshmonday
1780306648	0	0	Creston Mobile	Test
1780306735	0	0	Creston Mobile	What's with the V4 discrepancy on sbn?
1780316464	0	0	🌩️☢️ WX7RAW	Good #meshmonday everyone!
1780317072	0	0	🇺🇸 Mesh America	What is the #meshmonday is going on up in here 
1780317078	0	0	🇺🇸 Mesh America	*in
1780317559	0	0	7imited 3xp	#meshmonday again already 🤔
1780317577	0	0	spidenview✌🏻	Morning to #meshmonday
1780318675	0	0	Chuck@🏠	Good Morning!
1780318743	0	0	Falcon 🚛	@[Chuck@🏠] Morning to you😁
1780318801	0	0	Chuck@🏠	@[Falcon 🚛] Howdy Falcon!
1780318863	0	0	Falcon 🚛	@[Chuck@🏠] just getting the day started
1780318921	0	0	Chuck@🏠	@[Falcon 🚛] same! Just crawled out of bed!
1780319130	0	0	Chuck@🏠	@[Falcon 🚛] you too Falcon!! Thanks!
1780319339	0	0	Dude✌️	Morning yall, i really wish it was still the weekend 
1780319504	0	0	Chuck@🏠	@[Dude✌️] Morning! Yeah same here!
1780319814	0	0	AWH T-1000💀	Good Morning all
1780320029	0	0	Chuck@🏠	@[AWH T-1000💀]  Good Morning!
1780321838	0	0	WxDev❄️🧜‍♀️	Good Morning #MeshMonday. Bed is so much preferable today. 
1780321947	0	0	Pocket Chuck	Stupid work!
1780322021	0	0	WxDev❄️🧜‍♀️	@[Pocket Chuck] I hear this so loud. Just glad it’s actually light out for now. Not helping me much but what evs..
1780322065	0	0	WxDev❄️🧜‍♀️	@[Pocket Chuck] I hear this so loud. Just glad it’s actually light out for now. Not helping me much but what evs..
1780322101	0	0	WxDev❄️🧜‍♀️	@[Pocket Chuck] I hear this so loud. Just glad it’s actually light out for now. Not helping me much but what evs..
1780322110	0	0	Pocket Chuck	@[WxDev❄️🧜‍♀️] I hate weakdays
1780322266	0	0	WxDev❄️🧜‍♀️	@[Pocket Chuck] yeah, another 10+ years to go. Sigh. 
1780322302	0	0	Dude✌️	normally im pretty into mondays but i did not relax enough this weekend 
1780322356	0	0	RB360	The mesh gets spotty around fall city. 
1780322403	0	0	RB360	Someone put a repeater on mt si
1780322411	0	0	Pocket Chuck	@[Dude✌️] not enough Weak End.
1780322463	0	0	Dude✌️	@[Pocket Chuck] 3 day weekends should be the norm 
1780322561	0	0	Gettin' Meshy With It	Gm
1780322675	0	0	SpooderMan	Strange double hashed :/
1780322906	0	0	SkunkApe	Good morning 
1780324673	0	0	Hexon	Specifically on van isle 
1780325389	0	0	JBravo 🏳️‍🌈	[@Raccoon (Ardmore NE) ] Yep, Idylwpod is me! It’s nothing special, just a heltec with a nicer antenna on my 2nd floor window. Helps th
1780325564	0	0	UberMesh	Good morning meshers!
1780325656	0	0	TRARS 1	Good morning
1780325659	0	0	8248	good morning! 🌄
1780325692	0	0	MNK 💠🫟	Happy meshmondat!
1780325749	0	0	Zxenith	heading out soon
1780325828	0	0	TRARS 1	happy #meshmonday!
1780325850	0	0	7imited 3xp	Morning M*E*S*H units. Nice day out there today if you are into that kind of thing.
1780326132	0	0	gogobonobo 🙈	Morning and happy #meshmonday!
1780326346	0	0	Jamie D - Wismesh V2	Rak4631 bug hit me again. Testing companion device reflash. 
1780326506	0	0	Jamie D - Wismesh V2	Test
1780326704	0	0	SkunkApe	@[Jamie D - Wismesh V2] Rcvd
1780326810	0	0	Jamie D - Wismesh V2	@[SkunkApe] thanks
1780327260	0	0	Meshtatoes	@[RB360] going to be putting a repeater on Mitchell Hill that can hit Haystack in the next month.
1780327291	0	0	Meshtatoes	Happy #meshmonday y’all!
1780327581	0	0	Raccoon (Ardmore NE)	@[JBravo 🏳️‍🌈] Will they let you put one on your roof? That will strengthen the park’s signal even more. 
1780327687	0	0	JBravo 🏳️‍🌈	@[Raccoon (Ardmore NE)] I mean… as long as my partner is fine with it on our house, ya 😂 Are you thinking Marymoor park or Idylwoood
1780327730	0	0	JBravo 🏳️‍🌈	So might not make it where you’re thinking, depending
1780328194	0	0	Raccoon (Ardmore NE)	Oops sorry, I had one of the big apartment buildings in mind near Idylwood Park. Hard for me to reach from Ardmore Park. 
1780328701	0	0	UberMesh	@[Meshtatoes] I'm planning on doing the same on tolt hill
1780328907	0	0	Jeff - AD7LN	Good morning mesh ☕
1780328942	0	0	TRARS 3	@[Jeff - AD7LN] *tips hat*
1780329062	0	0	HOWL🏷️	Hey, it's #meshmonday - https://mm.gessaman.com/
1780329189	0	0	UberMesh	I'm not even ranked, I gotta do better
1780329235	0	0	Peppermint	Mornin everyone
1780329403	0	0	TRARS 2	mesh #meshmonday monday
1780329597	0	0	UberMesh	@[TRARS 2] busy today?
1780329984	0	0	eeejay 📶	Hello world
1780330039	0	0	T1000e 🚛	@[eeejay 📶] 👋🏼
1780330076	0	0	MS	Hello 
1780330409	0	0	Jade🏳️‍⚧️	#meshmonday
1780330737	0	0	TRARS 2	@[UberMesh] Yup, traffic, muggy indoor pools and work orders on a sunny day 🫤
1780331141	0	0	Peppermint	Oh no..
1780331649	0	0	🏷️ Andrew	Gooooooooood morrrrrrrrrrrrning
1780331680	0	0	T1000e 🚛	Have a great day everyone! Make the best of it, suns out 💪🏼 out
1780332210	0	0	UberMesh	What's everyone's #meshmonday look like today?
1780332241	0	0	WD7B	Good morning mesh looks to be another nice day
1780333657	0	0	TreeFrog 🌲🐸	Happy #meshmonday
1780333797	0	0	UberMesh	@[WD7B] beautiful out there
1780333924	0	0	RUSS - KG7ZPF	Some good channels to follow: https://cascadiamesh.org/channels/
1780334041	0	0	TRARS 2	@[WD7B] indeed
1780335007	0	0	WD7B	Good day to be retired and play radio
1780335852	0	0	Johnb	I would love to know too!
1780336269	0	0	Owelleye T096	https://cascadiamesh.org/channels/
1780336632	0	0	Pocket Chuck	Howdy howdy
1780336788	0	0	eeejay 📶	What is the health of the mesh these days? Feels like things aren't getting out that much.
1780338153	0	0	AI7NC-QTH	#meshmonday
1780338758	0	0	k7elv	Good Monday mesh :)
1780338764	0	0	Jamie D - Wismesh V2	@[eeejay 📶] It's hoping for me. Check the channel analyzer here to see if you're getting all the messages.
1780338778	0	0	Jamie D - Wismesh V2	@[eeejay 📶] https://analyzer.letsmesh.net/channels
1780339003	0	0	Jamie D - Wismesh V2	@[eeejay 📶] hopping not hoping. Damn autocorrect got me
1780339293	0	0	Dude✌️	Well my work days turning out slow af which is both nice but also super boring 
1780339312	0	0	Pocket Chuck	@[Dude✌️] yeah that sucks
1780339354	0	0	Dude✌️	Busy is good sometimes lol
1780339365	0	0	Pocket Chuck	@[Dude✌️] yup!
1780339695	0	0	PDX KC7HTA Mark Rak MB	#meshmonday
1780339749	0	0	TRARS 2	Greetings from Woodway 
1780339782	0	0	Pocket Chuck	@[TRARS 2] you working out there today?
1780339799	0	0	PDX KC7HTA Mark Rak MB	@[TRARS 2] Hello 8 hops to NE Portland 
1780339804	0	0	TRARS 2	@[Pocket Chuck] yup, just one pool here then back toward Everett 
1780339855	0	0	VA7XP	Just another meshy Monday.
1780339903	0	0	Pocket Chuck	@[TRARS 2] nice! You are 3 hops away from me with 3byte
1780340085	0	0	Emu	Lovely day to ride my bike to work. 
1780340129	0	0	Pocket Chuck	@[Emu] should be nice all week
1780340261	0	0	AaronTheBaron 🦫	@[Owelleye T096] I joined a bunch of these channels. A lot of them seem dead but maybe that’s because I didn’t join #politics
1780340308	0	0	TG-L1-D6F9	We’re all lirking
1780340676	0	0	Jade🏳️‍⚧️	Beautiful day in Cal Anderson park to kick off Pride Month!
1780341089	0	0	Jade🏳️‍⚧️	Hot🐀Summer!
1780341235	0	0	kens	Hotter 🐀Summer?
1780341393	0	0	PDX KC7HTA Mark Tag New	What does Traffic Share Score mean in the Cascadia Analyzer for repeaters?
1780341722	0	0	PDX KC7HTA Mark Tag New	What does Traffic Share Score mean in the Cascadia Analyzer for repeaters?
1780342428	0	0	K7OLI T1000e	@[PDX KC7HTA Mark Tag New] if you hover there is an explanation 
1780344161	0	0	AI-George-Mobile	Afternoon mesh
1780344684	0	0	JohnCore👀	@[KL7VK-T-Deck] have a t-deck plus and pro
1780344688	0	0	AstaCrazyBull	@[PDX KC7HTA Mark Tag New] good question 
1780345203	0	0	Slopcore-WisMeshPocket	MESHIN YALL FROM SEATAC C GATES 
1780345278	0	0	Nalotu-Yawe-🐐	@[Slopcore-WisMeshPocket] safe travels 
1780345312	0	0	Slopcore-WisMeshPocket	Thank you! 
1780345866	0	0	Wetback	c
1780345921	0	0	PDX KC7HTA Mark Tag New	@[JohnCore👀]: Thank you. My home repeaters are "marginal" but my 2 remote repeaters are "critical"
1780345927	0	0	Wetback	CN81
1780347292	0	0	🇺🇸 Mesh America	How's everyone's #meshmonday going?
1780347517	0	0	TRARS 2	@[🇺🇸 Mesh America] trying to call it a day for work... We'll see how that goes 
1780347611	0	0	C2CDFFD2	#pride #meshmonday #mesh #LGBTQXAIO+- 
1780347760	0	0	🇺🇸 Mesh America	@[TRARS 2] 🤘
1780348349	0	0	TRARS 3	Y'all keepin in in 1 byte are missing out....
1780348412	0	0	TRARS 3	Start calling them leaps instead of hops with how far I'm goin
1780348652	0	0	TC Handheld 1W Beast	Garden planted. Sheesh. Whose idea was it to do a 1200 square foot garden
1780348709	0	0	Pocket Chuck	NP: Carpathian Forest - Sadomasochistic
1780348922	0	0	Dr StrangeMesh	Any music recommendations? What are yall listening to lately?
1780348953	0	0	Pocket Chuck	Black Metal mostly
1780348972	0	0	TRARS 3	This lady was playing Harry Styles on her patio while I cleaned her pool the other day and I cannot stop hearing Watermelon Sugar in my head
1780348979	0	0	Pocket Chuck	NP: Sargeist - Panzergod
1780348998	0	0	TRARS 3	That was not a recommendation BTW 
1780349292	0	0	Jamie D - Wismesh V2	Muddy Waters feat. The Rolling Stones   https://open.spotify.com/album/0SLzwxGYeOdJYbjxbE9plW?si=IPAxR1-UTPOo_tpW-MW3BQ
1780349485	0	0	Zombie Tracker 🧟	@[Dr StrangeMesh] Helado Negro is incredible... Try "Pais Nublado"
1780350146	0	0	VA7XP	Who's running all of the m5 repeaters in Greater Vancouver?
1780350362	0	0	Pocket Chuck	@[Zombie Tracker 🧟] howdy howdy!
1780350509	0	0	PDX KC7HTA Mark Rak MB	@[JohnCore👀]: Thank you. My home repeaters are "marginal" but my 2 remote repeaters are "critical"
1780350862	0	0	N5XMT - T096	#meshmonday
1780350901	0	0	Zombie Tracker 🧟	@[Pocket Chuck] hey Chuck!
1780350915	0	0	N5XMT - T096	happy #meshmonday
1780351138	0	0	RB360	Can I get a huah yea!?
1780351156	0	0	Pocket Chuck	@[Zombie Tracker 🧟] how's it going??
1780351259	0	0	Peppermint	Ohey it's chuck ^-^
1780351265	0	0	Pocket Chuck	@[N5XMT - T096] yoo
1780351288	0	0	Pocket Chuck	@[Peppermint] howdy peppermint! How are you?
1780351344	0	0	TRARS 3	Howard Dean voice* "YEAAAHHAH!"
1780351350	0	0	Peppermint	@[Pocket Chuck] not bad. Hanging in there and resting atm.
1780351361	0	0	Pocket Chuck	@[Peppermint] good good
1780351366	0	0	Zombie Tracker 🧟	@[Pocket Chuck] splitting time between devops training and mounting a new fish finder.
1780351383	0	0	Pocket Chuck	@[Zombie Tracker 🧟] hell yeah what brand of fish finder?
1780351439	0	0	Zombie Tracker 🧟	Humminbird. The 7in with sidescan and gps
1780351471	0	0	Zombie Tracker 🧟	My FIL has decided I'm where he can dispose of projects he'll never complete himself 
1780351495	0	0	Pocket Chuck	@[Zombie Tracker 🧟] oh yeah those are great
1780351693	0	0	Pocket Chuck	@[Zombie Tracker 🧟] my father in law does. It's a hewes craft aluminum
1780351760	0	0	UberMesh	@[TRARS 3] apparently it's not watermelon sugar pie 😂
1780351764	0	0	luker228A	#mesh 
1780351778	0	0	luker228B	#mesh
1780351863	0	0	N5XMT - T096	My T096 is at home, bluetoothed to my PC, and I'm remote desktopped in so I can play since they only have Meshcraptic here
1780351902	0	0	TRARS 3	@[UberMesh] 😆
1780351953	0	0	VA7XP	@[VE7FW-V4] ACK
1780352017	0	0	TRARS 3	@[N5XMT - T096] haha that's one way to route messages 
1780352204	0	0	Zombie Tracker 🧟	@[Pocket Chuck] allow me to share the good news about our savior "kayaks"
1780352272	0	0	Slopcore-WisMeshPocket	Meshing from the sky over southern Washington 
1780352357	0	0	Zombie Tracker 🧟	@[Slopcore-WisMeshPocket] that's exciting... Where you headed?
1780352399	0	0	K7VKT Hillsboro	@[Slopcore-WisMeshPocket] how high? 10 hops to SE Hillsboro
1780352582	0	0	N5XMT - T096	are there any Windows apps to connect to my T096 with besides the meshcore.io app?  it really lacks features
1780352762	0	0	silverring	Seattle ACS members, check in on your Sector Channels
1780353119	0	0	Pocket Chuck	@[Zombie Tracker 🧟] I had thought about getting a kayak for me and the wife
1780353149	0	0	Slopcore-WisMeshPocket	Just flew over Portland 
1780353195	0	0	Slopcore-WisMeshPocket	@[PDX KC7HTA Mark Tag New] only 4 hops from you 
1780354316	0	0	Pocket Chuck	Im free!!
1780354404	0	0	Pocket Chuck	It's hot out
1780354458	0	0	TRARS 3	@[Pocket Chuck] it's cooling back down here in SnoCo 
1780354499	0	0	E3842222	Just took my node of the roof to update and the plastic smell was not great
1780354507	0	0	TRARS 3	Tomorrow is supposed to be a scorcher 
1780354585	0	0	TRARS 3	@[E3842222] ☢️🔥
1780354597	0	0	Slartibartfast	@[N5XMT - T096] Desktop apps: https://files.liamcottle.net/MeshCore
1780354729	0	0	N1TJT MeshPocket	Hello from Colman Dock. happy 75th birthday WSF!
1780354782	0	0	T1000-E B0E1	Can anybody point me to a mesh cone of conduct. Want to make sure I’m plying by the rules
1780354954	0	0	AaronTheBaron 🦫	@[T1000-E B0E1] https://cascadiamesh.org/
1780355104	0	0	Dr StrangeMesh	Do we purposefully try not to reach down in to California?
1780355288	0	0	ewb.8248👾🏳️‍🌈	https://sfdlive.com/?id=F260073909
1780355340	0	0	TRARS 3	@[Dr StrangeMesh] no, I think it's just a matter of repeater density
1780355355	0	0	ewb.8248👾🏳️‍🌈	stay safe y'all
1780355358	0	0	ewb.8248👾🏳️‍🌈	stay safe y'all
1780355708	0	0	AaronTheBaron 🦫	@[Dr StrangeMesh] they can “take my love, take my land…they can’t take the sky [repeaters] from me!” -Firefly 
1780356201	0	0	Zombie Tracker 🧟	@[Ski(2)-WioTrackerL1] gotcha in Wedgwood 
