1780278901	1	1	codepoet	T
1780279277	0	0	84346DDC	T
1780279353	0	0	N5XMT - T096	t
1780279375	0	0	Mike KK7MIK	T
1780279386	0	0	#bot-kelso	[KelsoBot] 🏓 Ack @Mike KK7MIK | Rx'd: 19:03:00 | Path: 59 -> 8D -> CD -> 7A -> 9D -> 60 -> AE -> 1A (8 hops)
1780280041	0	0	84346DDC	P
1780280070	0	0	#bot-kelso	[KelsoBot] 🏓 Ack @84346DDC | Rx'd: 19:14:05 | Path: 65AE -> 8B5B -> 7E76 -> 6000 -> AEE4 -> 1A7D (6 hops)
1780280445	0	0	Fnords	Test
1780280468	0	0	#bot-kelso	...-> AEE46F -> 2C5406 -> 7775F7 (11 hops)
1780280494	0	0	Repetend🐻	T
1780280518	0	0	#bot-kelso	[KelsoBot] 🏓 Ack @Repetend🐻 | Rx'd: 19:21:40 | Path: 52 -> BA -> 78 -> 04 -> AB -> 86 -> 7F -> 60 -> AE -> 08 (10 hops)
1780281053	0	0	N1TJT T-Echo	T
1780281073	0	0	#bot-kelso	[KelsoBot] 🏓 Ack @N1TJT T-Echo | Rx'd: 19:30:58 | Path: 1FFB -> 6000 -> 8B27 -> 2974 -> 7775 (5 hops)
1780282013	1	1	codepoet	T
1780282432	0	0	Erca	T
1780293030	0	0	NicksNet-Mobile	Dist 
1780298415	1	1	codepoet	T
1780298436	0	0	#bot-kelso	[KelsoBot] 🏓 Ack @codepoet | Rx'd: 00:20:26 | Path: 86 -> 60 -> AE -> 1A -> 66 (5 hops)
1780299307	0	0	KK7BHX	T
1780299323	0	0	#bot-kelso	...3 hops)
1780299332	0	0	#bot-kelso	[KelsoBot] 🏓 Ack @KK7BHX | Rx'd: 00:35:15 | Path: 67 -> CD -> C7 -> AB -> 7E -> 60 -> 83 -> 66 -> 01 -> 79 -> 01 -> 2C -> 08 (1
1780299359	0	0	KK7BHX	P
1780302254	0	0	Jose Wales	T
1780302283	0	0	#bot-kelso	...46F -> 0859E9 (9 hops)
1780305640	0	0	Milk Man	Test from Aberdeen 
1780305732	0	0	Milk Man	Wow it worked! How cool is that?
1780320298	0	0	AWH T-1000💀	@[Milk Man] pretty cool
1780320302	0	0	AI7PQ	T
1780320323	0	0	#bot-kelso	[KelsoBot] 🏓 Ack @AI7PQ | Rx'd: 06:32:48 | Path: 1B -> E3 -> 7E -> 60 -> F7 -> AE -> 77 (7 hops)
1780320328	0	0	AWH T-1000💀	T
1780320403	0	0	#bot-kelso	[KelsoBot] 🏓 Ack @AWH T-1000💀 | Rx'd: 06:33:55 | Path: 546F -> DDDD -> 9B16 -> 6000 -> 4810 -> F7DA -> AEE4 -> 1A7D (8 hops)
1780320428	0	0	AWH T-1000💀	P
1780320455	0	0	#bot-kelso	[KelsoBot] 🏓 Ack @AWH T-1000💀 | Rx'd: 06:34:53 | Path: 0DAC -> C79F -> 6000 -> AEE4 -> 0859 (5 hops)
1780325567	0	0	joelp_lab	t
1780325582	0	0	#bot-kelso	...7D (10 hops)
1780326144	0	0	KK7BHX	T
1780328266	0	0	5070	Ping
1780328390	0	0	5070	ping
1780328817	0	0	5070	P
1780331268	0	0	GatoLoco	@[5070] hola caracola
1780331436	0	0	5070	@[GatoLoco] hola carachocho
1780344538	0	0	BBs-V4-Client	!ping
1780344548	0	0	#bot-kelso	[KelsoBot] 🏓 Ack @BBs-V4-Client | Rx'd: 13:08:57 | Path: F5 -> 19 -> 79 -> 98 -> AE -> 1A (6 hops)
1780344563	0	0	PonyBot	ACK @[BBs-V4-Client] - via 2 path(s), shortest: f588ca3c (4 hops, SNR: 0.25dB)
1780345076	0	0	BBs-V4-Client	!ping
1780345088	0	0	#bot-kelso	[KelsoBot] 🏓 Ack @BBs-V4-Client | Rx'd: 13:17:56 | Path: F5 -> 18 -> AE -> 08 (4 hops)
1780345096	0	0	PonyBot	ACK @[BBs-V4-Client] - via 1 path(s), shortest: f518b9eeac (5 hops, SNR: 11.5dB)
1780345115	0	0	BBs-V4-Client	!ping
1780345129	0	0	#bot-kelso	[KelsoBot] 🏓 Ack @BBs-V4-Client | Rx'd: 13:18:35 | Path: F5 -> 54 -> 8B -> 79 -> 77 (5 hops)
1780345140	0	0	PonyBot	ACK @[BBs-V4-Client] - via 1 path(s), shortest: f5b87ba147d2ac (7 hops, SNR: 11.75dB)
1780347134	0	0	k7elv	T
1780347147	0	0	#bot-kelso	[KelsoBot] 🏓 Ack @k7elv | Rx'd: 13:52:17 | Path: 60 -> AE -> 77 (3 hops)
1780347233	0	0	#bot-kelso	[KelsoBot] MT Trace: F4286B -> 696864 -> 4D166F -> 793A98 -> 01BBEB -> A7C585 -> 0859E9 | Hops: 7 | Mode: 3B
1780348703	0	0	GatoLoco	P
1780350593	0	0	gzmc2	Mt
1780350607	0	0	#bot-kelso	[KelsoBot] MT Trace: 0A -> 91 -> 60 -> AE -> 1A | Hops: 5 | Mode: 1B
1780351422	0	0	gzmc2	T
1780351534	0	0	#bot-kelso	[KelsoBot] 🏓 Ack @gzmc2 | Rx'd: 15:05:17 | Path: 64 -> 29 -> AE -> 1A (4 hops)
1780353710	0	0	LoRa Palmer	T
1780353800	0	0	N5XMT - T096	t
1780356929	0	0	M3769	T
