ESP-ROM:esp32s3-20210327
Build:Mar 27 2021
rst:0x3 (RTC_SW_SYS_RST),boot:0x19 (SPI_FAST_FLASH_BOOT)
Saved PC:0x40381e6e
pro cpu reset by JTAG
SPIWP:0xee
mode:DIO, clock div:1
load:0x3fce3808,len:0x4bc
load:0x403c9700,len:0xbd8
load:0x403cc700,len:0x2a0c
entry 0x403c98d0
[  1143][E][Wire.cpp:137] setPins(): bus already initialized. change pins only when not.
E (1013) gpio: gpio_install_isr_service(450): GPIO isr service a[RTC] begin: detected lostPower=0 hw_unix=1780420199
lready installed
ESP-ROM:esp32s3-20210327
Build:Mar 27 2021
rst:0x8 (TG1WDT_SYS_RST),boot:0x19 (SPI_FAST_FLASH_BOOT)
Saved PC:0x4208da7b
SPIWP:0xee
mode:DIO, clock div:1
load:0x3fce3808,len:0x4bc
load:0x403c9700,len:0xbd8
load:0x403cc700,len:0x2a0c
entry 0x403c98d0
[   866][E][Wire.cpp:137] setPins(): bus already initialized. change pins only when not.
[RTC] begin: detected lostPower=0 hw_unix=1780420204
E (1013) gpio: gpio_install_isr_service(450): GPIO isr service already installed
ESP-ROM:esp32s3-20210327
Build:Mar 27 2021
rst:0x8 (TG1WDT_SYS_RST),boot:0x19 (SPI_FAST_FLASH_BOOT)
Saved PC:0x4208da7b
SPIWP:0xee
mode:DIO, clock div:1
load:0x3fce3808,len:0x4bc
load:0x403c9700,len:0xbd8
load:0x403cc700,len:0x2a0c
entry 0x403c98d0
[   866][E][Wire.cpp:137] setPins(): bus already initialized. change pins only when not.
[RTC] begin: detected lostPower=0 hw_unix=1780420210
E (1013) gpio: gpio_install_isr_service(450): GPIO isr service already installed
ESP-ROM:esp32s3-20210327
Build:Mar 27 2021
rst:0x8 (TG1WDT_SYS_RST),boot:0x19 (SPI_FAST_FLASH_BOOT)
Saved PC:0x4208da7b
SPIWP:0xee
mode:DIO, clock div:1
load:0x3fce3808,len:0x4bc
load:0x403c9700,len:0xbd8
load:0x403cc700,len:0x2a0c
entry 0x403c98d0
[   866][E][Wire.cpp:137] setPins(): bus already initialized. change pins only when not.
[RTC] begin: detected lostPower=0 hw_unix=1780420215
E (1013) gpio: gpio_install_isr_service(450): GPIO isr service already installed
ESP-ROM:esp32s3-20210327
Build:Mar 27 2021
rst:0x8 (TG1WDT_SYS_RST),boot:0x19 (SPI_FAST_FLASH_BOOT)
Saved PC:0x4208da7b
SPIWP:0xee
mode:DIO, clock div:1
load:0x3fce3808,len:0x4bc
load:0x403c9700,len:0xbd8
load:0x403cc700,len:0x2a0c
entry 0x403c98d0
[   866][E][Wire.cpp:137] setPins(): bus already initialized. change pins only when not.
[RTC] begin: detected lostPower=0 hw_unix=1780420221
E (1013) gpio: gpio_install_isr_service(450): GPIO isr service already installed
ESP-ROM:esp32s3-20210327
Build:Mar 27 2021
rst:0x8 (TG1WDT_SYS_RST),boot:0x19 (SPI_FAST_FLASH_BOOT)
Saved PC:0x4208da7b
SPIWP:0xee
mode:DIO, clock div:1
load:0x3fce3808,len:0x4bc
load:0x403c9700,len:0xbd8
load:0x403cc700,len:0x2a0c
entry 0x403c98d0
[   866][E][Wire.cpp:137] setPins(): bus already initialized. change pins only when not.
[RTC] begin: detected lostPower=0 hw_unix=1780420226
E (1013) gpio: gpio_install_isr_service(450): GPIO isr service already installed
ESP-ROM:esp32s3-20210327
Build:Mar 27 2021
rst:0x8 (TG1WDT_SYS_RST),boot:0x19 (SPI_FAST_FLASH_BOOT)
Saved PC:0x4208da7b
SPIWP:0xee
mode:DIO, clock div:1
load:0x3fce3808,len:0x4bc
load:0x403c9700,len:0xbd8
load:0x403cc700,len:0x2a0c
entry 0x403c98d0
[   866][E][Wire.cpp:137] setPins(): bus already initialized. change pins only when not.
[RTC] begin: detected lostPower=0 hw_unix=1780420231
